2024-08-27 10:10:56,126 [Worker-0: Loading available Gradle versions] INFO  o.e.b.c.i.u.g.PublishedGradleVersions - Gradle version information cache is up-to-date. Trying to read.
2024-08-27 10:11:49,515 [Worker-13: Launching mavenrun-4a36bba8-f3d3-483c-8d74-c4ba07f08bc7] INFO  o.eclipse.m2e.core.internal.Bundles - getClasspathEntries(Bundle=org.eclipse.m2e.maven.runtime_3.9.500.20231113-2345 [297])
2024-08-27 10:11:49,518 [Worker-13: Launching mavenrun-4a36bba8-f3d3-483c-8d74-c4ba07f08bc7] INFO  o.eclipse.m2e.core.internal.Bundles - 	Entry: C:\Users\DELL\.p2\pool\plugins\org.eclipse.m2e.maven.runtime_3.9.500.20231113-2345
2024-08-27 10:11:49,519 [Worker-13: Launching mavenrun-4a36bba8-f3d3-483c-8d74-c4ba07f08bc7] INFO  o.eclipse.m2e.core.internal.Bundles - 	Entry: C:\Users\DELL\.p2\pool\plugins\org.eclipse.m2e.maven.runtime_3.9.500.20231113-2345\jars\aopalliance-1.0.jar
2024-08-27 10:11:49,519 [Worker-13: Launching mavenrun-4a36bba8-f3d3-483c-8d74-c4ba07f08bc7] INFO  o.eclipse.m2e.core.internal.Bundles - 	Entry: C:\Users\DELL\.p2\pool\plugins\org.eclipse.m2e.maven.runtime_3.9.500.20231113-2345\jars\guice-5.1.0.jar
2024-08-27 10:11:49,520 [Worker-13: Launching mavenrun-4a36bba8-f3d3-483c-8d74-c4ba07f08bc7] INFO  o.eclipse.m2e.core.internal.Bundles - 	Entry: C:\Users\DELL\.p2\pool\plugins\org.eclipse.m2e.maven.runtime_3.9.500.20231113-2345\jars\httpclient-4.5.14.jar
2024-08-27 10:11:49,520 [Worker-13: Launching mavenrun-4a36bba8-f3d3-483c-8d74-c4ba07f08bc7] INFO  o.eclipse.m2e.core.internal.Bundles - 	Entry: C:\Users\DELL\.p2\pool\plugins\org.eclipse.m2e.maven.runtime_3.9.500.20231113-2345\jars\httpcore-4.4.16.jar
2024-08-27 10:11:49,520 [Worker-13: Launching mavenrun-4a36bba8-f3d3-483c-8d74-c4ba07f08bc7] INFO  o.eclipse.m2e.core.internal.Bundles - 	Entry: C:\Users\DELL\.p2\pool\plugins\org.eclipse.m2e.maven.runtime_3.9.500.20231113-2345\jars\jansi-2.4.0.jar
2024-08-27 10:11:49,520 [Worker-13: Launching mavenrun-4a36bba8-f3d3-483c-8d74-c4ba07f08bc7] INFO  o.eclipse.m2e.core.internal.Bundles - 	Entry: C:\Users\DELL\.p2\pool\plugins\org.eclipse.m2e.maven.runtime_3.9.500.20231113-2345\jars\jcl-over-slf4j-1.7.36.jar
2024-08-27 10:11:49,520 [Worker-13: Launching mavenrun-4a36bba8-f3d3-483c-8d74-c4ba07f08bc7] INFO  o.eclipse.m2e.core.internal.Bundles - 	Entry: C:\Users\DELL\.p2\pool\plugins\org.eclipse.m2e.maven.runtime_3.9.500.20231113-2345\jars\maven-artifact-3.9.5.jar
2024-08-27 10:11:49,520 [Worker-13: Launching mavenrun-4a36bba8-f3d3-483c-8d74-c4ba07f08bc7] INFO  o.eclipse.m2e.core.internal.Bundles - 	Entry: C:\Users\DELL\.p2\pool\plugins\org.eclipse.m2e.maven.runtime_3.9.500.20231113-2345\jars\maven-builder-support-3.9.5.jar
2024-08-27 10:11:49,521 [Worker-13: Launching mavenrun-4a36bba8-f3d3-483c-8d74-c4ba07f08bc7] INFO  o.eclipse.m2e.core.internal.Bundles - 	Entry: C:\Users\DELL\.p2\pool\plugins\org.eclipse.m2e.maven.runtime_3.9.500.20231113-2345\jars\maven-compat-3.9.5.jar
2024-08-27 10:11:49,521 [Worker-13: Launching mavenrun-4a36bba8-f3d3-483c-8d74-c4ba07f08bc7] INFO  o.eclipse.m2e.core.internal.Bundles - 	Entry: C:\Users\DELL\.p2\pool\plugins\org.eclipse.m2e.maven.runtime_3.9.500.20231113-2345\jars\maven-core-3.9.5.jar
2024-08-27 10:11:49,522 [Worker-13: Launching mavenrun-4a36bba8-f3d3-483c-8d74-c4ba07f08bc7] INFO  o.eclipse.m2e.core.internal.Bundles - 	Entry: C:\Users\DELL\.p2\pool\plugins\org.eclipse.m2e.maven.runtime_3.9.500.20231113-2345\jars\maven-embedder-3.9.5.jar
2024-08-27 10:11:49,522 [Worker-13: Launching mavenrun-4a36bba8-f3d3-483c-8d74-c4ba07f08bc7] INFO  o.eclipse.m2e.core.internal.Bundles - 	Entry: C:\Users\DELL\.p2\pool\plugins\org.eclipse.m2e.maven.runtime_3.9.500.20231113-2345\jars\maven-model-3.9.5.jar
2024-08-27 10:11:49,522 [Worker-13: Launching mavenrun-4a36bba8-f3d3-483c-8d74-c4ba07f08bc7] INFO  o.eclipse.m2e.core.internal.Bundles - 	Entry: C:\Users\DELL\.p2\pool\plugins\org.eclipse.m2e.maven.runtime_3.9.500.20231113-2345\jars\maven-model-builder-3.9.5.jar
2024-08-27 10:11:49,522 [Worker-13: Launching mavenrun-4a36bba8-f3d3-483c-8d74-c4ba07f08bc7] INFO  o.eclipse.m2e.core.internal.Bundles - 	Entry: C:\Users\DELL\.p2\pool\plugins\org.eclipse.m2e.maven.runtime_3.9.500.20231113-2345\jars\maven-plugin-api-3.9.5.jar
2024-08-27 10:11:49,523 [Worker-13: Launching mavenrun-4a36bba8-f3d3-483c-8d74-c4ba07f08bc7] INFO  o.eclipse.m2e.core.internal.Bundles - 	Entry: C:\Users\DELL\.p2\pool\plugins\org.eclipse.m2e.maven.runtime_3.9.500.20231113-2345\jars\maven-repository-metadata-3.9.5.jar
2024-08-27 10:11:49,523 [Worker-13: Launching mavenrun-4a36bba8-f3d3-483c-8d74-c4ba07f08bc7] INFO  o.eclipse.m2e.core.internal.Bundles - 	Entry: C:\Users\DELL\.p2\pool\plugins\org.eclipse.m2e.maven.runtime_3.9.500.20231113-2345\jars\maven-resolver-api-1.9.16.jar
2024-08-27 10:11:49,523 [Worker-13: Launching mavenrun-4a36bba8-f3d3-483c-8d74-c4ba07f08bc7] INFO  o.eclipse.m2e.core.internal.Bundles - 	Entry: C:\Users\DELL\.p2\pool\plugins\org.eclipse.m2e.maven.runtime_3.9.500.20231113-2345\jars\maven-resolver-connector-basic-1.9.16.jar
2024-08-27 10:11:49,523 [Worker-13: Launching mavenrun-4a36bba8-f3d3-483c-8d74-c4ba07f08bc7] INFO  o.eclipse.m2e.core.internal.Bundles - 	Entry: C:\Users\DELL\.p2\pool\plugins\org.eclipse.m2e.maven.runtime_3.9.500.20231113-2345\jars\maven-resolver-impl-1.9.16.jar
2024-08-27 10:11:49,524 [Worker-13: Launching mavenrun-4a36bba8-f3d3-483c-8d74-c4ba07f08bc7] INFO  o.eclipse.m2e.core.internal.Bundles - 	Entry: C:\Users\DELL\.p2\pool\plugins\org.eclipse.m2e.maven.runtime_3.9.500.20231113-2345\jars\maven-resolver-named-locks-1.9.16.jar
2024-08-27 10:11:49,524 [Worker-13: Launching mavenrun-4a36bba8-f3d3-483c-8d74-c4ba07f08bc7] INFO  o.eclipse.m2e.core.internal.Bundles - 	Entry: C:\Users\DELL\.p2\pool\plugins\org.eclipse.m2e.maven.runtime_3.9.500.20231113-2345\jars\maven-resolver-provider-3.9.5.jar
2024-08-27 10:11:49,524 [Worker-13: Launching mavenrun-4a36bba8-f3d3-483c-8d74-c4ba07f08bc7] INFO  o.eclipse.m2e.core.internal.Bundles - 	Entry: C:\Users\DELL\.p2\pool\plugins\org.eclipse.m2e.maven.runtime_3.9.500.20231113-2345\jars\maven-resolver-spi-1.9.16.jar
2024-08-27 10:11:49,524 [Worker-13: Launching mavenrun-4a36bba8-f3d3-483c-8d74-c4ba07f08bc7] INFO  o.eclipse.m2e.core.internal.Bundles - 	Entry: C:\Users\DELL\.p2\pool\plugins\org.eclipse.m2e.maven.runtime_3.9.500.20231113-2345\jars\maven-resolver-transport-file-1.9.16.jar
2024-08-27 10:11:49,524 [Worker-13: Launching mavenrun-4a36bba8-f3d3-483c-8d74-c4ba07f08bc7] INFO  o.eclipse.m2e.core.internal.Bundles - 	Entry: C:\Users\DELL\.p2\pool\plugins\org.eclipse.m2e.maven.runtime_3.9.500.20231113-2345\jars\maven-resolver-transport-http-1.9.16.jar
2024-08-27 10:11:49,524 [Worker-13: Launching mavenrun-4a36bba8-f3d3-483c-8d74-c4ba07f08bc7] INFO  o.eclipse.m2e.core.internal.Bundles - 	Entry: C:\Users\DELL\.p2\pool\plugins\org.eclipse.m2e.maven.runtime_3.9.500.20231113-2345\jars\maven-resolver-transport-wagon-1.9.16.jar
2024-08-27 10:11:49,525 [Worker-13: Launching mavenrun-4a36bba8-f3d3-483c-8d74-c4ba07f08bc7] INFO  o.eclipse.m2e.core.internal.Bundles - 	Entry: C:\Users\DELL\.p2\pool\plugins\org.eclipse.m2e.maven.runtime_3.9.500.20231113-2345\jars\maven-resolver-util-1.9.16.jar
2024-08-27 10:11:49,525 [Worker-13: Launching mavenrun-4a36bba8-f3d3-483c-8d74-c4ba07f08bc7] INFO  o.eclipse.m2e.core.internal.Bundles - 	Entry: C:\Users\DELL\.p2\pool\plugins\org.eclipse.m2e.maven.runtime_3.9.500.20231113-2345\jars\maven-settings-3.9.5.jar
2024-08-27 10:11:49,525 [Worker-13: Launching mavenrun-4a36bba8-f3d3-483c-8d74-c4ba07f08bc7] INFO  o.eclipse.m2e.core.internal.Bundles - 	Entry: C:\Users\DELL\.p2\pool\plugins\org.eclipse.m2e.maven.runtime_3.9.500.20231113-2345\jars\maven-settings-builder-3.9.5.jar
2024-08-27 10:11:49,525 [Worker-13: Launching mavenrun-4a36bba8-f3d3-483c-8d74-c4ba07f08bc7] INFO  o.eclipse.m2e.core.internal.Bundles - 	Entry: C:\Users\DELL\.p2\pool\plugins\org.eclipse.m2e.maven.runtime_3.9.500.20231113-2345\jars\maven-shared-utils-3.3.4.jar
2024-08-27 10:11:49,526 [Worker-13: Launching mavenrun-4a36bba8-f3d3-483c-8d74-c4ba07f08bc7] INFO  o.eclipse.m2e.core.internal.Bundles - 	Entry: C:\Users\DELL\.p2\pool\plugins\org.eclipse.m2e.maven.runtime_3.9.500.20231113-2345\jars\org.eclipse.sisu.inject-0.3.5.jar
2024-08-27 10:11:49,526 [Worker-13: Launching mavenrun-4a36bba8-f3d3-483c-8d74-c4ba07f08bc7] INFO  o.eclipse.m2e.core.internal.Bundles - 	Entry: C:\Users\DELL\.p2\pool\plugins\org.eclipse.m2e.maven.runtime_3.9.500.20231113-2345\jars\org.eclipse.sisu.plexus-0.3.5.jar
2024-08-27 10:11:49,526 [Worker-13: Launching mavenrun-4a36bba8-f3d3-483c-8d74-c4ba07f08bc7] INFO  o.eclipse.m2e.core.internal.Bundles - 	Entry: C:\Users\DELL\.p2\pool\plugins\org.eclipse.m2e.maven.runtime_3.9.500.20231113-2345\jars\plexus-build-api-0.0.7.jar
2024-08-27 10:11:49,526 [Worker-13: Launching mavenrun-4a36bba8-f3d3-483c-8d74-c4ba07f08bc7] INFO  o.eclipse.m2e.core.internal.Bundles - 	Entry: C:\Users\DELL\.p2\pool\plugins\org.eclipse.m2e.maven.runtime_3.9.500.20231113-2345\jars\plexus-cipher-2.0.jar
2024-08-27 10:11:49,526 [Worker-13: Launching mavenrun-4a36bba8-f3d3-483c-8d74-c4ba07f08bc7] INFO  o.eclipse.m2e.core.internal.Bundles - 	Entry: C:\Users\DELL\.p2\pool\plugins\org.eclipse.m2e.maven.runtime_3.9.500.20231113-2345\jars\plexus-classworlds-2.7.0.jar
2024-08-27 10:11:49,527 [Worker-13: Launching mavenrun-4a36bba8-f3d3-483c-8d74-c4ba07f08bc7] INFO  o.eclipse.m2e.core.internal.Bundles - 	Entry: C:\Users\DELL\.p2\pool\plugins\org.eclipse.m2e.maven.runtime_3.9.500.20231113-2345\jars\plexus-component-annotations-2.1.0.jar
2024-08-27 10:11:49,527 [Worker-13: Launching mavenrun-4a36bba8-f3d3-483c-8d74-c4ba07f08bc7] INFO  o.eclipse.m2e.core.internal.Bundles - 	Entry: C:\Users\DELL\.p2\pool\plugins\org.eclipse.m2e.maven.runtime_3.9.500.20231113-2345\jars\plexus-interpolation-1.26.jar
2024-08-27 10:11:49,527 [Worker-13: Launching mavenrun-4a36bba8-f3d3-483c-8d74-c4ba07f08bc7] INFO  o.eclipse.m2e.core.internal.Bundles - 	Entry: C:\Users\DELL\.p2\pool\plugins\org.eclipse.m2e.maven.runtime_3.9.500.20231113-2345\jars\plexus-sec-dispatcher-2.0.jar
2024-08-27 10:11:49,527 [Worker-13: Launching mavenrun-4a36bba8-f3d3-483c-8d74-c4ba07f08bc7] INFO  o.eclipse.m2e.core.internal.Bundles - 	Entry: C:\Users\DELL\.p2\pool\plugins\org.eclipse.m2e.maven.runtime_3.9.500.20231113-2345\jars\plexus-utils-3.5.1.jar
2024-08-27 10:11:49,527 [Worker-13: Launching mavenrun-4a36bba8-f3d3-483c-8d74-c4ba07f08bc7] INFO  o.eclipse.m2e.core.internal.Bundles - 	Entry: C:\Users\DELL\.p2\pool\plugins\org.eclipse.m2e.maven.runtime_3.9.500.20231113-2345\jars\wagon-file-3.5.3.jar
2024-08-27 10:11:49,528 [Worker-13: Launching mavenrun-4a36bba8-f3d3-483c-8d74-c4ba07f08bc7] INFO  o.eclipse.m2e.core.internal.Bundles - 	Entry: C:\Users\DELL\.p2\pool\plugins\org.eclipse.m2e.maven.runtime_3.9.500.20231113-2345\jars\wagon-http-3.5.3.jar
2024-08-27 10:11:49,528 [Worker-13: Launching mavenrun-4a36bba8-f3d3-483c-8d74-c4ba07f08bc7] INFO  o.eclipse.m2e.core.internal.Bundles - 	Entry: C:\Users\DELL\.p2\pool\plugins\org.eclipse.m2e.maven.runtime_3.9.500.20231113-2345\jars\wagon-http-shared-3.5.3.jar
2024-08-27 10:11:49,528 [Worker-13: Launching mavenrun-4a36bba8-f3d3-483c-8d74-c4ba07f08bc7] INFO  o.eclipse.m2e.core.internal.Bundles - 	Entry: C:\Users\DELL\.p2\pool\plugins\org.eclipse.m2e.maven.runtime_3.9.500.20231113-2345\jars\wagon-provider-api-3.5.3.jar
2024-08-27 10:11:49,531 [Worker-13: Launching mavenrun-4a36bba8-f3d3-483c-8d74-c4ba07f08bc7] INFO  o.eclipse.m2e.core.internal.Bundles - getClasspathEntries(Bundle=com.google.guava_32.1.3.jre [10])
2024-08-27 10:11:49,532 [Worker-13: Launching mavenrun-4a36bba8-f3d3-483c-8d74-c4ba07f08bc7] INFO  o.eclipse.m2e.core.internal.Bundles - 	Entry: C:\Users\DELL\.p2\pool\plugins\com.google.guava_32.1.3.jre.jar
2024-08-27 10:11:49,532 [Worker-13: Launching mavenrun-4a36bba8-f3d3-483c-8d74-c4ba07f08bc7] INFO  o.eclipse.m2e.core.internal.Bundles - getClasspathEntries(Bundle=slf4j.api_2.0.12 [517])
2024-08-27 10:11:49,533 [Worker-13: Launching mavenrun-4a36bba8-f3d3-483c-8d74-c4ba07f08bc7] INFO  o.eclipse.m2e.core.internal.Bundles - 	Entry: C:\Users\DELL\.p2\pool\plugins\slf4j.api_2.0.12.jar
2024-08-27 10:11:49,533 [Worker-13: Launching mavenrun-4a36bba8-f3d3-483c-8d74-c4ba07f08bc7] INFO  o.eclipse.m2e.core.internal.Bundles - getClasspathEntries(Bundle=jakarta.inject.jakarta.inject-api_1.0.5 [22])
2024-08-27 10:11:49,533 [Worker-13: Launching mavenrun-4a36bba8-f3d3-483c-8d74-c4ba07f08bc7] INFO  o.eclipse.m2e.core.internal.Bundles - 	Entry: C:\Users\DELL\.p2\pool\plugins\jakarta.inject.jakarta.inject-api_1.0.5.jar
2024-08-27 10:11:49,533 [Worker-13: Launching mavenrun-4a36bba8-f3d3-483c-8d74-c4ba07f08bc7] INFO  o.eclipse.m2e.core.internal.Bundles - getClasspathEntries(Bundle=jakarta.annotation-api_1.3.5 [20])
2024-08-27 10:11:49,534 [Worker-13: Launching mavenrun-4a36bba8-f3d3-483c-8d74-c4ba07f08bc7] INFO  o.eclipse.m2e.core.internal.Bundles - 	Entry: C:\Users\DELL\.p2\pool\plugins\jakarta.annotation-api_1.3.5.jar
2024-08-27 10:11:49,534 [Worker-13: Launching mavenrun-4a36bba8-f3d3-483c-8d74-c4ba07f08bc7] INFO  o.eclipse.m2e.core.internal.Bundles - getClasspathEntries(Bundle=org.apache.commons.cli_1.6.0 [46])
2024-08-27 10:11:49,534 [Worker-13: Launching mavenrun-4a36bba8-f3d3-483c-8d74-c4ba07f08bc7] INFO  o.eclipse.m2e.core.internal.Bundles - 	Entry: C:\Users\DELL\.p2\pool\plugins\org.apache.commons.cli_1.6.0.jar
2024-08-27 10:11:49,534 [Worker-13: Launching mavenrun-4a36bba8-f3d3-483c-8d74-c4ba07f08bc7] INFO  o.eclipse.m2e.core.internal.Bundles - getClasspathEntries(Bundle=org.apache.commons.commons-codec_1.16.0 [48])
2024-08-27 10:11:49,535 [Worker-13: Launching mavenrun-4a36bba8-f3d3-483c-8d74-c4ba07f08bc7] INFO  o.eclipse.m2e.core.internal.Bundles - 	Entry: C:\Users\DELL\.p2\pool\plugins\org.apache.commons.commons-codec_1.16.0.jar
2024-08-27 10:11:49,535 [Worker-13: Launching mavenrun-4a36bba8-f3d3-483c-8d74-c4ba07f08bc7] INFO  o.eclipse.m2e.core.internal.Bundles - getClasspathEntries(Bundle=org.apache.commons.lang3_3.13.0 [53])
2024-08-27 10:11:49,535 [Worker-13: Launching mavenrun-4a36bba8-f3d3-483c-8d74-c4ba07f08bc7] INFO  o.eclipse.m2e.core.internal.Bundles - 	Entry: C:\Users\DELL\.p2\pool\plugins\org.apache.commons.lang3_3.13.0.jar
2024-08-27 10:11:49,535 [Worker-13: Launching mavenrun-4a36bba8-f3d3-483c-8d74-c4ba07f08bc7] INFO  o.eclipse.m2e.core.internal.Bundles - getClasspathEntries(Bundle=com.google.guava.failureaccess_1.0.2 [11])
2024-08-27 10:11:49,536 [Worker-13: Launching mavenrun-4a36bba8-f3d3-483c-8d74-c4ba07f08bc7] INFO  o.eclipse.m2e.core.internal.Bundles - 	Entry: C:\Users\DELL\.p2\pool\plugins\com.google.guava.failureaccess_1.0.2.jar
2024-08-27 10:11:49,549 [Worker-13: Launching mavenrun-4a36bba8-f3d3-483c-8d74-c4ba07f08bc7] INFO  o.e.m.i.launch.MavenLaunchDelegate - Run build in "C:\Users\DELL\AppData\Local\Temp\m2e-archetypeGenerator8299623139820469207":
2024-08-27 10:11:49,556 [Worker-13: Launching mavenrun-4a36bba8-f3d3-483c-8d74-c4ba07f08bc7] INFO  o.e.m.i.launch.MavenLaunchDelegate -  mvn  -DarchetypeGroupId=org.apache.maven.archetypes -DarchetypeArtifactId=maven-archetype-quickstart -DarchetypeVersion=1.1 -DgroupId=com.hexaware.hibernate1 -DartifactId=com.hexaware.hibernate11 -Dversion=0.0.1-SNAPSHOT -Dpackage=com.hexaware.hibernate1.com.hexaware.hibernate11 -DoutputDirectory=C:\Users\DELL\OneDrive\Desktop\hibernate -Dstyle.color=always -U archetype:generate
2024-08-27 10:12:00,958 [Worker-8: Creating maven-archetype-quickstart] INFO  o.e.m.c.i.p.ProjectConfigurationManager - Collecting project info '/pom.xml' C:\Users\DELL\OneDrive\Desktop\hibernate\com.hexaware.hibernate11\pom.xml
2024-08-27 10:12:01,796 [Worker-8: Creating maven-archetype-quickstart] INFO  o.e.m.c.i.l.LifecycleMappingFactory - Using org.eclipse.m2e.jdt.JarLifecycleMapping lifecycle mapping for MavenProject: com.hexaware.hibernate1:com.hexaware.hibernate11:0.0.1-SNAPSHOT @ C:\Users\DELL\OneDrive\Desktop\hibernate\com.hexaware.hibernate11\pom.xml.
2024-08-27 10:12:02,899 [Worker-8: Creating maven-archetype-quickstart] INFO  o.e.m.j.i.AbstractJavaProjectConfigurator - Adding source folder /com.hexaware.hibernate11/src/main/java
2024-08-27 10:12:02,900 [Worker-8: Creating maven-archetype-quickstart] INFO  o.e.m.j.i.AbstractJavaProjectConfigurator - Adding resource folder /com.hexaware.hibernate11/src/main/resources
2024-08-27 10:12:02,907 [Worker-8: Creating maven-archetype-quickstart] INFO  o.e.m.j.i.AbstractJavaProjectConfigurator - Adding source folder /com.hexaware.hibernate11/src/test/java
2024-08-27 10:12:02,908 [Worker-8: Creating maven-archetype-quickstart] INFO  o.e.m.j.i.AbstractJavaProjectConfigurator - Adding resource folder /com.hexaware.hibernate11/src/test/resources
2024-08-27 10:12:03,068 [Worker-8: Creating maven-archetype-quickstart] INFO  o.e.m.c.i.p.ProjectConfigurationManager - Imported and configured 1 project(s) in 2 sec
2024-08-27 10:12:04,429 [Worker-16: Building] INFO  o.a.m.s.f.DefaultMavenResourcesFiltering - skip non existing resourceDirectory C:\Users\DELL\OneDrive\Desktop\hibernate\com.hexaware.hibernate11\src\main\resources
2024-08-27 10:12:04,439 [Worker-16: Building] INFO  o.a.m.s.f.DefaultMavenResourcesFiltering - skip non existing resourceDirectory C:\Users\DELL\OneDrive\Desktop\hibernate\com.hexaware.hibernate11\src\test\resources
2024-08-27 10:21:25,661 [Worker-23: Building] INFO  o.a.m.s.f.DefaultMavenResourcesFiltering - skip non existing resourceDirectory C:\Users\DELL\OneDrive\Desktop\hibernate\com.hexaware.hibernate11\src\main\resources
2024-08-27 10:21:25,666 [Worker-23: Building] INFO  o.a.m.s.f.DefaultMavenResourcesFiltering - skip non existing resourceDirectory C:\Users\DELL\OneDrive\Desktop\hibernate\com.hexaware.hibernate11\src\test\resources
2024-08-27 10:23:22,002 [Worker-17: Updating Maven Project] INFO  o.e.m.c.i.p.ProjectConfigurationManager - Update started
2024-08-27 10:23:22,276 [Worker-17: Updating Maven Project] INFO  o.e.m.c.i.l.LifecycleMappingFactory - Using org.eclipse.m2e.jdt.JarLifecycleMapping lifecycle mapping for MavenProject: com.hexaware.hibernate1:com.hexaware.hibernate11:0.0.1-SNAPSHOT @ C:\Users\DELL\OneDrive\Desktop\hibernate\com.hexaware.hibernate11\pom.xml.
2024-08-27 10:23:22,450 [Worker-17: Updating Maven Project] INFO  o.e.m.j.i.AbstractJavaProjectConfigurator - Adding source folder /com.hexaware.hibernate11/src/main/java
2024-08-27 10:23:22,450 [Worker-17: Updating Maven Project] INFO  o.e.m.j.i.AbstractJavaProjectConfigurator - Adding resource folder /com.hexaware.hibernate11/src/main/resources
2024-08-27 10:23:22,451 [Worker-17: Updating Maven Project] INFO  o.e.m.j.i.AbstractJavaProjectConfigurator - Adding source folder /com.hexaware.hibernate11/src/test/java
2024-08-27 10:23:22,451 [Worker-17: Updating Maven Project] INFO  o.e.m.j.i.AbstractJavaProjectConfigurator - Adding resource folder /com.hexaware.hibernate11/src/test/resources
2024-08-27 10:23:22,562 [Worker-17: Updating Maven Project] INFO  o.e.m.c.i.p.ProjectConfigurationManager - Update completed for 1 poms: local refresh takes 0.00 sec, refresh facades takes 0.00 sec, update config takes 0.00 sec 
2024-08-27 10:23:22,730 [Worker-23: Building] INFO  o.a.m.s.f.DefaultMavenResourcesFiltering - skip non existing resourceDirectory C:\Users\DELL\OneDrive\Desktop\hibernate\com.hexaware.hibernate11\src\main\resources
2024-08-27 10:23:22,733 [Worker-23: Building] INFO  o.a.m.s.f.DefaultMavenResourcesFiltering - skip non existing resourceDirectory C:\Users\DELL\OneDrive\Desktop\hibernate\com.hexaware.hibernate11\src\test\resources
2024-08-27 10:23:36,374 [Worker-17: Building] INFO  o.a.m.s.f.DefaultMavenResourcesFiltering - skip non existing resourceDirectory C:\Users\DELL\OneDrive\Desktop\hibernate\com.hexaware.hibernate11\src\main\resources
2024-08-27 10:23:36,377 [Worker-17: Building] INFO  o.a.m.s.f.DefaultMavenResourcesFiltering - skip non existing resourceDirectory C:\Users\DELL\OneDrive\Desktop\hibernate\com.hexaware.hibernate11\src\test\resources
2024-08-27 10:29:41,448 [Worker-22: Building] INFO  o.e.m.c.i.l.LifecycleMappingFactory - Using org.eclipse.m2e.jdt.JarLifecycleMapping lifecycle mapping for MavenProject: com.hexaware.hibernate1:com.hexaware.hibernate11:0.0.1-SNAPSHOT @ C:\Users\DELL\OneDrive\Desktop\hibernate\com.hexaware.hibernate11\pom.xml.
2024-08-27 10:29:41,634 [Worker-22: Building] INFO  o.e.m.c.i.e.AbstractTransferListenerAdapter - Downloading https://repo.maven.apache.org/maven2/mysql/mysql-connector-java/8.0.31/mysql-connector-java-8.0.31.pom
2024-08-27 10:29:41,653 [Worker-22: Building] INFO  o.e.m.c.i.e.AbstractTransferListenerAdapter - Downloaded https://repo.maven.apache.org/maven2/mysql/mysql-connector-java/8.0.31/mysql-connector-java-8.0.31.pom
2024-08-27 10:29:41,673 [Worker-22: Building] INFO  o.e.m.c.i.e.AbstractTransferListenerAdapter - Downloading https://repo.maven.apache.org/maven2/com/mysql/mysql-connector-j/8.0.31/mysql-connector-j-8.0.31.pom
2024-08-27 10:29:41,678 [Worker-22: Building] INFO  o.e.m.c.i.e.AbstractTransferListenerAdapter - Downloaded https://repo.maven.apache.org/maven2/com/mysql/mysql-connector-j/8.0.31/mysql-connector-j-8.0.31.pom
2024-08-27 10:29:41,713 [Worker-22: Building] INFO  o.e.m.c.i.e.AbstractTransferListenerAdapter - Downloading https://repo.maven.apache.org/maven2/org/hibernate/hibernate-core/5.6.15.Final/hibernate-core-5.6.15.Final.pom
2024-08-27 10:29:41,720 [Worker-22: Building] INFO  o.e.m.c.i.e.AbstractTransferListenerAdapter - Downloaded https://repo.maven.apache.org/maven2/org/hibernate/hibernate-core/5.6.15.Final/hibernate-core-5.6.15.Final.pom
2024-08-27 10:29:41,741 [Worker-22: Building] INFO  o.e.m.c.i.e.AbstractTransferListenerAdapter - Downloading https://repo.maven.apache.org/maven2/org/jboss/logging/jboss-logging/3.4.3.Final/jboss-logging-3.4.3.Final.pom
2024-08-27 10:29:41,747 [Worker-22: Building] INFO  o.e.m.c.i.e.AbstractTransferListenerAdapter - Downloaded https://repo.maven.apache.org/maven2/org/jboss/logging/jboss-logging/3.4.3.Final/jboss-logging-3.4.3.Final.pom
2024-08-27 10:29:41,764 [Worker-22: Building] INFO  o.e.m.c.i.e.AbstractTransferListenerAdapter - Downloading https://repo.maven.apache.org/maven2/org/jboss/jboss-parent/39/jboss-parent-39.pom
2024-08-27 10:29:41,783 [Worker-22: Building] INFO  o.e.m.c.i.e.AbstractTransferListenerAdapter - Downloaded https://repo.maven.apache.org/maven2/org/jboss/jboss-parent/39/jboss-parent-39.pom
2024-08-27 10:29:41,804 [Worker-22: Building] INFO  o.e.m.c.i.e.AbstractTransferListenerAdapter - Downloading https://repo.maven.apache.org/maven2/org/junit/junit-bom/5.8.2/junit-bom-5.8.2.pom
2024-08-27 10:29:41,808 [Worker-22: Building] INFO  o.e.m.c.i.e.AbstractTransferListenerAdapter - Downloaded https://repo.maven.apache.org/maven2/org/junit/junit-bom/5.8.2/junit-bom-5.8.2.pom
2024-08-27 10:29:41,824 [Worker-22: Building] INFO  o.e.m.c.i.e.AbstractTransferListenerAdapter - Downloading https://repo.maven.apache.org/maven2/javax/persistence/javax.persistence-api/2.2/javax.persistence-api-2.2.pom
2024-08-27 10:29:41,828 [Worker-22: Building] INFO  o.e.m.c.i.e.AbstractTransferListenerAdapter - Downloaded https://repo.maven.apache.org/maven2/javax/persistence/javax.persistence-api/2.2/javax.persistence-api-2.2.pom
2024-08-27 10:29:41,845 [Worker-22: Building] INFO  o.e.m.c.i.e.AbstractTransferListenerAdapter - Downloading https://repo.maven.apache.org/maven2/net/java/jvnet-parent/5/jvnet-parent-5.pom
2024-08-27 10:29:41,850 [Worker-22: Building] INFO  o.e.m.c.i.e.AbstractTransferListenerAdapter - Downloaded https://repo.maven.apache.org/maven2/net/java/jvnet-parent/5/jvnet-parent-5.pom
2024-08-27 10:29:41,874 [Worker-22: Building] INFO  o.e.m.c.i.e.AbstractTransferListenerAdapter - Downloading https://repo.maven.apache.org/maven2/net/bytebuddy/byte-buddy/1.12.18/byte-buddy-1.12.18.pom
2024-08-27 10:29:41,878 [Worker-22: Building] INFO  o.e.m.c.i.e.AbstractTransferListenerAdapter - Downloaded https://repo.maven.apache.org/maven2/net/bytebuddy/byte-buddy/1.12.18/byte-buddy-1.12.18.pom
2024-08-27 10:29:41,892 [Worker-22: Building] INFO  o.e.m.c.i.e.AbstractTransferListenerAdapter - Downloading https://repo.maven.apache.org/maven2/net/bytebuddy/byte-buddy-parent/1.12.18/byte-buddy-parent-1.12.18.pom
2024-08-27 10:29:41,898 [Worker-22: Building] INFO  o.e.m.c.i.e.AbstractTransferListenerAdapter - Downloaded https://repo.maven.apache.org/maven2/net/bytebuddy/byte-buddy-parent/1.12.18/byte-buddy-parent-1.12.18.pom
2024-08-27 10:29:41,916 [Worker-22: Building] INFO  o.e.m.c.i.e.AbstractTransferListenerAdapter - Downloading https://repo.maven.apache.org/maven2/org/jboss/spec/javax/transaction/jboss-transaction-api_1.2_spec/1.1.1.Final/jboss-transaction-api_1.2_spec-1.1.1.Final.pom
2024-08-27 10:29:41,920 [Worker-22: Building] INFO  o.e.m.c.i.e.AbstractTransferListenerAdapter - Downloaded https://repo.maven.apache.org/maven2/org/jboss/spec/javax/transaction/jboss-transaction-api_1.2_spec/1.1.1.Final/jboss-transaction-api_1.2_spec-1.1.1.Final.pom
2024-08-27 10:29:41,936 [Worker-22: Building] INFO  o.e.m.c.i.e.AbstractTransferListenerAdapter - Downloading https://repo.maven.apache.org/maven2/org/jboss/jboss-parent/25/jboss-parent-25.pom
2024-08-27 10:29:41,941 [Worker-22: Building] INFO  o.e.m.c.i.e.AbstractTransferListenerAdapter - Downloaded https://repo.maven.apache.org/maven2/org/jboss/jboss-parent/25/jboss-parent-25.pom
2024-08-27 10:29:41,957 [Worker-22: Building] INFO  o.e.m.c.i.e.AbstractTransferListenerAdapter - Downloading https://repo.maven.apache.org/maven2/org/jboss/jandex/2.4.2.Final/jandex-2.4.2.Final.pom
2024-08-27 10:29:41,960 [Worker-22: Building] INFO  o.e.m.c.i.e.AbstractTransferListenerAdapter - Downloaded https://repo.maven.apache.org/maven2/org/jboss/jandex/2.4.2.Final/jandex-2.4.2.Final.pom
2024-08-27 10:29:41,971 [Worker-22: Building] INFO  o.e.m.c.i.e.AbstractTransferListenerAdapter - Downloading https://repo.maven.apache.org/maven2/org/jboss/jboss-parent/12/jboss-parent-12.pom
2024-08-27 10:29:41,976 [Worker-22: Building] INFO  o.e.m.c.i.e.AbstractTransferListenerAdapter - Downloaded https://repo.maven.apache.org/maven2/org/jboss/jboss-parent/12/jboss-parent-12.pom
2024-08-27 10:29:41,996 [Worker-22: Building] INFO  o.e.m.c.i.e.AbstractTransferListenerAdapter - Downloading https://repo.maven.apache.org/maven2/com/fasterxml/classmate/1.5.1/classmate-1.5.1.pom
2024-08-27 10:29:42,001 [Worker-22: Building] INFO  o.e.m.c.i.e.AbstractTransferListenerAdapter - Downloaded https://repo.maven.apache.org/maven2/com/fasterxml/classmate/1.5.1/classmate-1.5.1.pom
2024-08-27 10:29:42,020 [Worker-22: Building] INFO  o.e.m.c.i.e.AbstractTransferListenerAdapter - Downloading https://repo.maven.apache.org/maven2/com/fasterxml/oss-parent/35/oss-parent-35.pom
2024-08-27 10:29:42,026 [Worker-22: Building] INFO  o.e.m.c.i.e.AbstractTransferListenerAdapter - Downloaded https://repo.maven.apache.org/maven2/com/fasterxml/oss-parent/35/oss-parent-35.pom
2024-08-27 10:29:42,045 [Worker-22: Building] INFO  o.e.m.c.i.e.AbstractTransferListenerAdapter - Downloading https://repo.maven.apache.org/maven2/javax/activation/javax.activation-api/1.2.0/javax.activation-api-1.2.0.pom
2024-08-27 10:29:42,051 [Worker-22: Building] INFO  o.e.m.c.i.e.AbstractTransferListenerAdapter - Downloaded https://repo.maven.apache.org/maven2/javax/activation/javax.activation-api/1.2.0/javax.activation-api-1.2.0.pom
2024-08-27 10:29:42,071 [Worker-22: Building] INFO  o.e.m.c.i.e.AbstractTransferListenerAdapter - Downloading https://repo.maven.apache.org/maven2/com/sun/activation/all/1.2.0/all-1.2.0.pom
2024-08-27 10:29:42,078 [Worker-22: Building] INFO  o.e.m.c.i.e.AbstractTransferListenerAdapter - Downloaded https://repo.maven.apache.org/maven2/com/sun/activation/all/1.2.0/all-1.2.0.pom
2024-08-27 10:29:42,092 [Worker-22: Building] INFO  o.e.m.c.i.e.AbstractTransferListenerAdapter - Downloading https://repo.maven.apache.org/maven2/net/java/jvnet-parent/1/jvnet-parent-1.pom
2024-08-27 10:29:42,096 [Worker-22: Building] INFO  o.e.m.c.i.e.AbstractTransferListenerAdapter - Downloaded https://repo.maven.apache.org/maven2/net/java/jvnet-parent/1/jvnet-parent-1.pom
2024-08-27 10:29:42,112 [Worker-22: Building] INFO  o.e.m.c.i.e.AbstractTransferListenerAdapter - Downloading https://repo.maven.apache.org/maven2/org/hibernate/common/hibernate-commons-annotations/5.1.2.Final/hibernate-commons-annotations-5.1.2.Final.pom
2024-08-27 10:29:42,117 [Worker-22: Building] INFO  o.e.m.c.i.e.AbstractTransferListenerAdapter - Downloaded https://repo.maven.apache.org/maven2/org/hibernate/common/hibernate-commons-annotations/5.1.2.Final/hibernate-commons-annotations-5.1.2.Final.pom
2024-08-27 10:29:42,132 [Worker-22: Building] INFO  o.e.m.c.i.e.AbstractTransferListenerAdapter - Downloading https://repo.maven.apache.org/maven2/org/jboss/logging/jboss-logging/3.3.2.Final/jboss-logging-3.3.2.Final.pom
2024-08-27 10:29:42,136 [Worker-22: Building] INFO  o.e.m.c.i.e.AbstractTransferListenerAdapter - Downloaded https://repo.maven.apache.org/maven2/org/jboss/logging/jboss-logging/3.3.2.Final/jboss-logging-3.3.2.Final.pom
2024-08-27 10:29:42,153 [Worker-22: Building] INFO  o.e.m.c.i.e.AbstractTransferListenerAdapter - Downloading https://repo.maven.apache.org/maven2/org/jboss/jboss-parent/15/jboss-parent-15.pom
2024-08-27 10:29:42,158 [Worker-22: Building] INFO  o.e.m.c.i.e.AbstractTransferListenerAdapter - Downloaded https://repo.maven.apache.org/maven2/org/jboss/jboss-parent/15/jboss-parent-15.pom
2024-08-27 10:29:42,175 [Worker-22: Building] INFO  o.e.m.c.i.e.AbstractTransferListenerAdapter - Downloading https://repo.maven.apache.org/maven2/javax/xml/bind/jaxb-api/2.3.1/jaxb-api-2.3.1.pom
2024-08-27 10:29:42,181 [Worker-22: Building] INFO  o.e.m.c.i.e.AbstractTransferListenerAdapter - Downloaded https://repo.maven.apache.org/maven2/javax/xml/bind/jaxb-api/2.3.1/jaxb-api-2.3.1.pom
2024-08-27 10:29:42,201 [Worker-22: Building] INFO  o.e.m.c.i.e.AbstractTransferListenerAdapter - Downloading https://repo.maven.apache.org/maven2/javax/xml/bind/jaxb-api-parent/2.3.1/jaxb-api-parent-2.3.1.pom
2024-08-27 10:29:42,209 [Worker-22: Building] INFO  o.e.m.c.i.e.AbstractTransferListenerAdapter - Downloaded https://repo.maven.apache.org/maven2/javax/xml/bind/jaxb-api-parent/2.3.1/jaxb-api-parent-2.3.1.pom
2024-08-27 10:29:42,233 [Worker-22: Building] INFO  o.e.m.c.i.e.AbstractTransferListenerAdapter - Downloading https://repo.maven.apache.org/maven2/org/glassfish/jaxb/jaxb-runtime/2.3.1/jaxb-runtime-2.3.1.pom
2024-08-27 10:29:42,240 [Worker-22: Building] INFO  o.e.m.c.i.e.AbstractTransferListenerAdapter - Downloaded https://repo.maven.apache.org/maven2/org/glassfish/jaxb/jaxb-runtime/2.3.1/jaxb-runtime-2.3.1.pom
2024-08-27 10:29:42,267 [Worker-22: Building] INFO  o.e.m.c.i.e.AbstractTransferListenerAdapter - Downloading https://repo.maven.apache.org/maven2/com/sun/xml/bind/mvn/jaxb-runtime-parent/2.3.1/jaxb-runtime-parent-2.3.1.pom
2024-08-27 10:29:42,276 [Worker-22: Building] INFO  o.e.m.c.i.e.AbstractTransferListenerAdapter - Downloaded https://repo.maven.apache.org/maven2/com/sun/xml/bind/mvn/jaxb-runtime-parent/2.3.1/jaxb-runtime-parent-2.3.1.pom
2024-08-27 10:29:42,298 [Worker-22: Building] INFO  o.e.m.c.i.e.AbstractTransferListenerAdapter - Downloading https://repo.maven.apache.org/maven2/com/sun/xml/bind/mvn/jaxb-parent/2.3.1/jaxb-parent-2.3.1.pom
2024-08-27 10:29:42,306 [Worker-22: Building] INFO  o.e.m.c.i.e.AbstractTransferListenerAdapter - Downloaded https://repo.maven.apache.org/maven2/com/sun/xml/bind/mvn/jaxb-parent/2.3.1/jaxb-parent-2.3.1.pom
2024-08-27 10:29:42,337 [Worker-22: Building] INFO  o.e.m.c.i.e.AbstractTransferListenerAdapter - Downloading https://repo.maven.apache.org/maven2/com/sun/xml/bind/jaxb-bom-ext/2.3.1/jaxb-bom-ext-2.3.1.pom
2024-08-27 10:29:42,346 [Worker-22: Building] INFO  o.e.m.c.i.e.AbstractTransferListenerAdapter - Downloaded https://repo.maven.apache.org/maven2/com/sun/xml/bind/jaxb-bom-ext/2.3.1/jaxb-bom-ext-2.3.1.pom
2024-08-27 10:29:42,374 [Worker-22: Building] INFO  o.e.m.c.i.e.AbstractTransferListenerAdapter - Downloading https://repo.maven.apache.org/maven2/org/glassfish/jaxb/jaxb-bom/2.3.1/jaxb-bom-2.3.1.pom
2024-08-27 10:29:42,382 [Worker-22: Building] INFO  o.e.m.c.i.e.AbstractTransferListenerAdapter - Downloaded https://repo.maven.apache.org/maven2/org/glassfish/jaxb/jaxb-bom/2.3.1/jaxb-bom-2.3.1.pom
2024-08-27 10:29:42,416 [Worker-22: Building] INFO  o.e.m.c.i.e.AbstractTransferListenerAdapter - Downloading https://repo.maven.apache.org/maven2/org/glassfish/jaxb/txw2/2.3.1/txw2-2.3.1.pom
2024-08-27 10:29:42,426 [Worker-22: Building] INFO  o.e.m.c.i.e.AbstractTransferListenerAdapter - Downloaded https://repo.maven.apache.org/maven2/org/glassfish/jaxb/txw2/2.3.1/txw2-2.3.1.pom
2024-08-27 10:29:42,453 [Worker-22: Building] INFO  o.e.m.c.i.e.AbstractTransferListenerAdapter - Downloading https://repo.maven.apache.org/maven2/com/sun/xml/bind/mvn/jaxb-txw-parent/2.3.1/jaxb-txw-parent-2.3.1.pom
2024-08-27 10:29:42,461 [Worker-22: Building] INFO  o.e.m.c.i.e.AbstractTransferListenerAdapter - Downloaded https://repo.maven.apache.org/maven2/com/sun/xml/bind/mvn/jaxb-txw-parent/2.3.1/jaxb-txw-parent-2.3.1.pom
2024-08-27 10:29:42,502 [Worker-22: Building] INFO  o.e.m.c.i.e.AbstractTransferListenerAdapter - Downloading https://repo.maven.apache.org/maven2/com/sun/istack/istack-commons-runtime/3.0.7/istack-commons-runtime-3.0.7.pom
2024-08-27 10:29:42,511 [Worker-22: Building] INFO  o.e.m.c.i.e.AbstractTransferListenerAdapter - Downloaded https://repo.maven.apache.org/maven2/com/sun/istack/istack-commons-runtime/3.0.7/istack-commons-runtime-3.0.7.pom
2024-08-27 10:29:42,535 [Worker-22: Building] INFO  o.e.m.c.i.e.AbstractTransferListenerAdapter - Downloading https://repo.maven.apache.org/maven2/com/sun/istack/istack-commons/3.0.7/istack-commons-3.0.7.pom
2024-08-27 10:29:42,541 [Worker-22: Building] INFO  o.e.m.c.i.e.AbstractTransferListenerAdapter - Downloaded https://repo.maven.apache.org/maven2/com/sun/istack/istack-commons/3.0.7/istack-commons-3.0.7.pom
2024-08-27 10:29:42,574 [Worker-22: Building] INFO  o.e.m.c.i.e.AbstractTransferListenerAdapter - Downloading https://repo.maven.apache.org/maven2/org/jvnet/staxex/stax-ex/1.8/stax-ex-1.8.pom
2024-08-27 10:29:42,583 [Worker-22: Building] INFO  o.e.m.c.i.e.AbstractTransferListenerAdapter - Downloaded https://repo.maven.apache.org/maven2/org/jvnet/staxex/stax-ex/1.8/stax-ex-1.8.pom
2024-08-27 10:29:42,608 [Worker-22: Building] INFO  o.e.m.c.i.e.AbstractTransferListenerAdapter - Downloading https://repo.maven.apache.org/maven2/com/sun/xml/fastinfoset/FastInfoset/1.2.15/FastInfoset-1.2.15.pom
2024-08-27 10:29:42,616 [Worker-22: Building] INFO  o.e.m.c.i.e.AbstractTransferListenerAdapter - Downloaded https://repo.maven.apache.org/maven2/com/sun/xml/fastinfoset/FastInfoset/1.2.15/FastInfoset-1.2.15.pom
2024-08-27 10:29:42,641 [Worker-22: Building] INFO  o.e.m.c.i.e.AbstractTransferListenerAdapter - Downloading https://repo.maven.apache.org/maven2/com/sun/xml/fastinfoset/fastinfoset-project/1.2.15/fastinfoset-project-1.2.15.pom
2024-08-27 10:29:42,646 [Worker-22: Building] INFO  o.e.m.c.i.e.AbstractTransferListenerAdapter - Downloaded https://repo.maven.apache.org/maven2/com/sun/xml/fastinfoset/fastinfoset-project/1.2.15/fastinfoset-project-1.2.15.pom
2024-08-27 10:29:42,655 [Worker-22: Building] WARN  o.e.m.c.i.embedder.EclipseLogger - The artifact mysql:mysql-connector-java:jar:8.0.31 has been relocated to com.mysql:mysql-connector-j:jar:8.0.31: MySQL Connector/J artifacts moved to reverse-DNS compliant Maven 2+ coordinates.
2024-08-27 10:29:42,688 [Worker-22: Building] INFO  o.e.m.c.i.e.AbstractTransferListenerAdapter - Downloading https://repo.maven.apache.org/maven2/com/mysql/mysql-connector-j/8.0.31/mysql-connector-j-8.0.31.jar
2024-08-27 10:29:42,804 [Worker-22: Building] INFO  o.e.m.c.i.e.AbstractTransferListenerAdapter - Downloaded https://repo.maven.apache.org/maven2/com/mysql/mysql-connector-j/8.0.31/mysql-connector-j-8.0.31.jar
2024-08-27 10:29:42,819 [BasicRepositoryConnector-repo.maven.apache.org-0-1] INFO  o.e.m.c.i.e.AbstractTransferListenerAdapter - Downloading https://repo.maven.apache.org/maven2/org/jboss/logging/jboss-logging/3.4.3.Final/jboss-logging-3.4.3.Final.jar
2024-08-27 10:29:42,828 [BasicRepositoryConnector-repo.maven.apache.org-0-1] INFO  o.e.m.c.i.e.AbstractTransferListenerAdapter - Downloaded https://repo.maven.apache.org/maven2/org/jboss/logging/jboss-logging/3.4.3.Final/jboss-logging-3.4.3.Final.jar
2024-08-27 10:29:42,842 [BasicRepositoryConnector-repo.maven.apache.org-0-2] INFO  o.e.m.c.i.e.AbstractTransferListenerAdapter - Downloading https://repo.maven.apache.org/maven2/javax/persistence/javax.persistence-api/2.2/javax.persistence-api-2.2.jar
2024-08-27 10:29:42,844 [BasicRepositoryConnector-repo.maven.apache.org-0-1] INFO  o.e.m.c.i.e.AbstractTransferListenerAdapter - Downloading https://repo.maven.apache.org/maven2/org/jboss/jandex/2.4.2.Final/jandex-2.4.2.Final.jar
2024-08-27 10:29:42,852 [BasicRepositoryConnector-repo.maven.apache.org-0-1] INFO  o.e.m.c.i.e.AbstractTransferListenerAdapter - Downloaded https://repo.maven.apache.org/maven2/org/jboss/jandex/2.4.2.Final/jandex-2.4.2.Final.jar
2024-08-27 10:29:42,859 [BasicRepositoryConnector-repo.maven.apache.org-0-4] INFO  o.e.m.c.i.e.AbstractTransferListenerAdapter - Downloading https://repo.maven.apache.org/maven2/org/jboss/spec/javax/transaction/jboss-transaction-api_1.2_spec/1.1.1.Final/jboss-transaction-api_1.2_spec-1.1.1.Final.jar
2024-08-27 10:29:42,859 [BasicRepositoryConnector-repo.maven.apache.org-0-0] INFO  o.e.m.c.i.e.AbstractTransferListenerAdapter - Downloading https://repo.maven.apache.org/maven2/org/hibernate/hibernate-core/5.6.15.Final/hibernate-core-5.6.15.Final.jar
2024-08-27 10:29:42,859 [BasicRepositoryConnector-repo.maven.apache.org-0-3] INFO  o.e.m.c.i.e.AbstractTransferListenerAdapter - Downloading https://repo.maven.apache.org/maven2/net/bytebuddy/byte-buddy/1.12.18/byte-buddy-1.12.18.jar
2024-08-27 10:29:42,863 [BasicRepositoryConnector-repo.maven.apache.org-0-1] INFO  o.e.m.c.i.e.AbstractTransferListenerAdapter - Downloading https://repo.maven.apache.org/maven2/com/fasterxml/classmate/1.5.1/classmate-1.5.1.jar
2024-08-27 10:29:42,866 [BasicRepositoryConnector-repo.maven.apache.org-0-4] INFO  o.e.m.c.i.e.AbstractTransferListenerAdapter - Downloaded https://repo.maven.apache.org/maven2/org/jboss/spec/javax/transaction/jboss-transaction-api_1.2_spec/1.1.1.Final/jboss-transaction-api_1.2_spec-1.1.1.Final.jar
2024-08-27 10:29:42,877 [BasicRepositoryConnector-repo.maven.apache.org-0-1] INFO  o.e.m.c.i.e.AbstractTransferListenerAdapter - Downloaded https://repo.maven.apache.org/maven2/com/fasterxml/classmate/1.5.1/classmate-1.5.1.jar
2024-08-27 10:29:42,878 [BasicRepositoryConnector-repo.maven.apache.org-0-4] INFO  o.e.m.c.i.e.AbstractTransferListenerAdapter - Downloading https://repo.maven.apache.org/maven2/javax/activation/javax.activation-api/1.2.0/javax.activation-api-1.2.0.jar
2024-08-27 10:29:42,882 [BasicRepositoryConnector-repo.maven.apache.org-0-2] INFO  o.e.m.c.i.e.AbstractTransferListenerAdapter - Downloaded https://repo.maven.apache.org/maven2/javax/persistence/javax.persistence-api/2.2/javax.persistence-api-2.2.jar
2024-08-27 10:29:42,886 [BasicRepositoryConnector-repo.maven.apache.org-0-4] INFO  o.e.m.c.i.e.AbstractTransferListenerAdapter - Downloaded https://repo.maven.apache.org/maven2/javax/activation/javax.activation-api/1.2.0/javax.activation-api-1.2.0.jar
2024-08-27 10:29:42,889 [BasicRepositoryConnector-repo.maven.apache.org-0-1] INFO  o.e.m.c.i.e.AbstractTransferListenerAdapter - Downloading https://repo.maven.apache.org/maven2/org/hibernate/common/hibernate-commons-annotations/5.1.2.Final/hibernate-commons-annotations-5.1.2.Final.jar
2024-08-27 10:29:42,897 [BasicRepositoryConnector-repo.maven.apache.org-0-2] INFO  o.e.m.c.i.e.AbstractTransferListenerAdapter - Downloading https://repo.maven.apache.org/maven2/javax/xml/bind/jaxb-api/2.3.1/jaxb-api-2.3.1.jar
2024-08-27 10:29:42,902 [BasicRepositoryConnector-repo.maven.apache.org-0-4] INFO  o.e.m.c.i.e.AbstractTransferListenerAdapter - Downloading https://repo.maven.apache.org/maven2/org/glassfish/jaxb/jaxb-runtime/2.3.1/jaxb-runtime-2.3.1.jar
2024-08-27 10:29:42,902 [BasicRepositoryConnector-repo.maven.apache.org-0-1] INFO  o.e.m.c.i.e.AbstractTransferListenerAdapter - Downloaded https://repo.maven.apache.org/maven2/org/hibernate/common/hibernate-commons-annotations/5.1.2.Final/hibernate-commons-annotations-5.1.2.Final.jar
2024-08-27 10:29:42,945 [BasicRepositoryConnector-repo.maven.apache.org-0-1] INFO  o.e.m.c.i.e.AbstractTransferListenerAdapter - Downloading https://repo.maven.apache.org/maven2/org/glassfish/jaxb/txw2/2.3.1/txw2-2.3.1.jar
2024-08-27 10:29:42,953 [BasicRepositoryConnector-repo.maven.apache.org-0-1] INFO  o.e.m.c.i.e.AbstractTransferListenerAdapter - Downloaded https://repo.maven.apache.org/maven2/org/glassfish/jaxb/txw2/2.3.1/txw2-2.3.1.jar
2024-08-27 10:29:42,956 [BasicRepositoryConnector-repo.maven.apache.org-0-2] INFO  o.e.m.c.i.e.AbstractTransferListenerAdapter - Downloaded https://repo.maven.apache.org/maven2/javax/xml/bind/jaxb-api/2.3.1/jaxb-api-2.3.1.jar
2024-08-27 10:29:42,970 [BasicRepositoryConnector-repo.maven.apache.org-0-4] INFO  o.e.m.c.i.e.AbstractTransferListenerAdapter - Downloaded https://repo.maven.apache.org/maven2/org/glassfish/jaxb/jaxb-runtime/2.3.1/jaxb-runtime-2.3.1.jar
2024-08-27 10:29:42,971 [BasicRepositoryConnector-repo.maven.apache.org-0-1] INFO  o.e.m.c.i.e.AbstractTransferListenerAdapter - Downloading https://repo.maven.apache.org/maven2/com/sun/istack/istack-commons-runtime/3.0.7/istack-commons-runtime-3.0.7.jar
2024-08-27 10:29:42,971 [BasicRepositoryConnector-repo.maven.apache.org-0-2] INFO  o.e.m.c.i.e.AbstractTransferListenerAdapter - Downloading https://repo.maven.apache.org/maven2/org/jvnet/staxex/stax-ex/1.8/stax-ex-1.8.jar
2024-08-27 10:29:42,981 [BasicRepositoryConnector-repo.maven.apache.org-0-1] INFO  o.e.m.c.i.e.AbstractTransferListenerAdapter - Downloaded https://repo.maven.apache.org/maven2/com/sun/istack/istack-commons-runtime/3.0.7/istack-commons-runtime-3.0.7.jar
2024-08-27 10:29:42,981 [BasicRepositoryConnector-repo.maven.apache.org-0-2] INFO  o.e.m.c.i.e.AbstractTransferListenerAdapter - Downloaded https://repo.maven.apache.org/maven2/org/jvnet/staxex/stax-ex/1.8/stax-ex-1.8.jar
2024-08-27 10:29:42,988 [BasicRepositoryConnector-repo.maven.apache.org-0-4] INFO  o.e.m.c.i.e.AbstractTransferListenerAdapter - Downloading https://repo.maven.apache.org/maven2/com/sun/xml/fastinfoset/FastInfoset/1.2.15/FastInfoset-1.2.15.jar
2024-08-27 10:29:43,002 [BasicRepositoryConnector-repo.maven.apache.org-0-4] INFO  o.e.m.c.i.e.AbstractTransferListenerAdapter - Downloaded https://repo.maven.apache.org/maven2/com/sun/xml/fastinfoset/FastInfoset/1.2.15/FastInfoset-1.2.15.jar
2024-08-27 10:29:43,150 [BasicRepositoryConnector-repo.maven.apache.org-0-3] INFO  o.e.m.c.i.e.AbstractTransferListenerAdapter - Downloaded https://repo.maven.apache.org/maven2/net/bytebuddy/byte-buddy/1.12.18/byte-buddy-1.12.18.jar
2024-08-27 10:29:43,295 [BasicRepositoryConnector-repo.maven.apache.org-0-0] INFO  o.e.m.c.i.e.AbstractTransferListenerAdapter - Downloaded https://repo.maven.apache.org/maven2/org/hibernate/hibernate-core/5.6.15.Final/hibernate-core-5.6.15.Final.jar
2024-08-27 10:29:43,613 [Worker-22: Building] INFO  o.a.m.s.f.DefaultMavenResourcesFiltering - skip non existing resourceDirectory C:\Users\DELL\OneDrive\Desktop\hibernate\com.hexaware.hibernate11\src\main\resources
2024-08-27 10:29:43,618 [Worker-22: Building] INFO  o.a.m.s.f.DefaultMavenResourcesFiltering - skip non existing resourceDirectory C:\Users\DELL\OneDrive\Desktop\hibernate\com.hexaware.hibernate11\src\test\resources
2024-08-27 10:29:44,440 [Worker-25: Download sources and javadoc] INFO  o.e.m.c.i.e.AbstractTransferListenerAdapter - Downloading https://repo.maven.apache.org/maven2/com/mysql/mysql-connector-j/8.0.31/mysql-connector-j-8.0.31-sources.jar
2024-08-27 10:29:44,520 [Worker-25: Download sources and javadoc] INFO  o.e.m.c.i.e.AbstractTransferListenerAdapter - Downloaded https://repo.maven.apache.org/maven2/com/mysql/mysql-connector-j/8.0.31/mysql-connector-j-8.0.31-sources.jar
2024-08-27 10:29:44,528 [Worker-25: Download sources and javadoc] INFO  o.e.m.j.internal.DownloadSourcesJob - Downloaded sources for com.mysql:mysql-connector-j:8.0.31
2024-08-27 10:29:44,581 [Worker-25: Download sources and javadoc] INFO  o.e.m.c.i.e.AbstractTransferListenerAdapter - Downloading https://repo.maven.apache.org/maven2/org/hibernate/hibernate-core/5.6.15.Final/hibernate-core-5.6.15.Final-sources.jar
2024-08-27 10:29:44,781 [Worker-25: Download sources and javadoc] INFO  o.e.m.c.i.e.AbstractTransferListenerAdapter - Downloaded https://repo.maven.apache.org/maven2/org/hibernate/hibernate-core/5.6.15.Final/hibernate-core-5.6.15.Final-sources.jar
2024-08-27 10:29:44,789 [Worker-25: Download sources and javadoc] INFO  o.e.m.j.internal.DownloadSourcesJob - Downloaded sources for org.hibernate:hibernate-core:5.6.15.Final
2024-08-27 10:29:44,846 [Worker-25: Download sources and javadoc] INFO  o.e.m.c.i.e.AbstractTransferListenerAdapter - Downloading https://repo.maven.apache.org/maven2/org/jboss/logging/jboss-logging/3.4.3.Final/jboss-logging-3.4.3.Final-sources.jar
2024-08-27 10:29:44,866 [Worker-25: Download sources and javadoc] INFO  o.e.m.c.i.e.AbstractTransferListenerAdapter - Downloaded https://repo.maven.apache.org/maven2/org/jboss/logging/jboss-logging/3.4.3.Final/jboss-logging-3.4.3.Final-sources.jar
2024-08-27 10:29:44,876 [Worker-25: Download sources and javadoc] INFO  o.e.m.j.internal.DownloadSourcesJob - Downloaded sources for org.jboss.logging:jboss-logging:3.4.3.Final
2024-08-27 10:29:44,918 [Worker-25: Download sources and javadoc] INFO  o.e.m.c.i.e.AbstractTransferListenerAdapter - Downloading https://repo.maven.apache.org/maven2/javax/persistence/javax.persistence-api/2.2/javax.persistence-api-2.2-sources.jar
2024-08-27 10:29:44,963 [Worker-25: Download sources and javadoc] INFO  o.e.m.c.i.e.AbstractTransferListenerAdapter - Downloaded https://repo.maven.apache.org/maven2/javax/persistence/javax.persistence-api/2.2/javax.persistence-api-2.2-sources.jar
2024-08-27 10:29:44,971 [Worker-25: Download sources and javadoc] INFO  o.e.m.j.internal.DownloadSourcesJob - Downloaded sources for javax.persistence:javax.persistence-api:2.2
2024-08-27 10:29:45,017 [Worker-25: Download sources and javadoc] INFO  o.e.m.c.i.e.AbstractTransferListenerAdapter - Downloading https://repo.maven.apache.org/maven2/net/bytebuddy/byte-buddy/1.12.18/byte-buddy-1.12.18-sources.jar
2024-08-27 10:29:45,120 [Worker-25: Download sources and javadoc] INFO  o.e.m.c.i.e.AbstractTransferListenerAdapter - Downloaded https://repo.maven.apache.org/maven2/net/bytebuddy/byte-buddy/1.12.18/byte-buddy-1.12.18-sources.jar
2024-08-27 10:29:45,129 [Worker-25: Download sources and javadoc] INFO  o.e.m.j.internal.DownloadSourcesJob - Downloaded sources for net.bytebuddy:byte-buddy:1.12.18
2024-08-27 10:29:45,379 [Worker-25: Download sources and javadoc] INFO  o.e.m.c.i.e.AbstractTransferListenerAdapter - Downloaded https://repo.maven.apache.org/maven2/antlr/antlr/2.7.7/antlr-2.7.7-sources.jar
2024-08-27 10:29:45,469 [Worker-25: Download sources and javadoc] ERROR o.e.m.j.internal.DownloadSourcesJob - Could not download sources for antlr:antlr:2.7.7
org.eclipse.core.runtime.CoreException: Could not resolve artifact antlr:antlr:jar:sources:2.7.7
	at org.eclipse.m2e.core.internal.embedder.MavenImpl.lambda$6(MavenImpl.java:584)
	at org.eclipse.m2e.core.internal.embedder.MavenExecutionContext.executeBare(MavenExecutionContext.java:394)
	at org.eclipse.m2e.core.internal.embedder.MavenExecutionContext.execute(MavenExecutionContext.java:228)
	at org.eclipse.m2e.core.internal.embedder.MavenExecutionContext.execute(MavenExecutionContext.java:214)
	at org.eclipse.m2e.core.internal.embedder.MavenImpl.resolve(MavenImpl.java:553)
	at org.eclipse.m2e.core.internal.embedder.MavenImpl.resolve(MavenImpl.java:538)
	at org.eclipse.m2e.jdt.internal.DownloadSourcesJob.download(DownloadSourcesJob.java:308)
	at org.eclipse.m2e.jdt.internal.DownloadSourcesJob.downloadAttachments(DownloadSourcesJob.java:282)
	at org.eclipse.m2e.jdt.internal.DownloadSourcesJob.downloadMaven(DownloadSourcesJob.java:252)
	at org.eclipse.m2e.jdt.internal.DownloadSourcesJob.downloadFilesAndPopulateToUpdate(DownloadSourcesJob.java:220)
	at org.eclipse.m2e.jdt.internal.DownloadSourcesJob.lambda$0(DownloadSourcesJob.java:149)
	at org.eclipse.m2e.core.internal.embedder.MavenExecutionContext.executeBare(MavenExecutionContext.java:394)
	at org.eclipse.m2e.core.internal.embedder.MavenExecutionContext.execute(MavenExecutionContext.java:275)
	at org.eclipse.m2e.core.internal.embedder.MavenExecutionContext.execute(MavenExecutionContext.java:214)
	at org.eclipse.m2e.core.embedder.IMaven.execute(IMaven.java:294)
	at org.eclipse.m2e.jdt.internal.DownloadSourcesJob.run(DownloadSourcesJob.java:149)
	at org.eclipse.core.internal.jobs.Worker.run(Worker.java:63)
2024-08-27 10:29:45,548 [Worker-25: Download sources and javadoc] INFO  o.e.m.c.i.e.AbstractTransferListenerAdapter - Downloading https://repo.maven.apache.org/maven2/org/jboss/spec/javax/transaction/jboss-transaction-api_1.2_spec/1.1.1.Final/jboss-transaction-api_1.2_spec-1.1.1.Final-sources.jar
2024-08-27 10:29:45,556 [Worker-25: Download sources and javadoc] INFO  o.e.m.c.i.e.AbstractTransferListenerAdapter - Downloaded https://repo.maven.apache.org/maven2/org/jboss/spec/javax/transaction/jboss-transaction-api_1.2_spec/1.1.1.Final/jboss-transaction-api_1.2_spec-1.1.1.Final-sources.jar
2024-08-27 10:29:45,566 [Worker-25: Download sources and javadoc] INFO  o.e.m.j.internal.DownloadSourcesJob - Downloaded sources for org.jboss.spec.javax.transaction:jboss-transaction-api_1.2_spec:1.1.1.Final
2024-08-27 10:29:45,610 [Worker-25: Download sources and javadoc] INFO  o.e.m.c.i.e.AbstractTransferListenerAdapter - Downloading https://repo.maven.apache.org/maven2/org/jboss/jandex/2.4.2.Final/jandex-2.4.2.Final-sources.jar
2024-08-27 10:29:45,633 [Worker-25: Download sources and javadoc] INFO  o.e.m.c.i.e.AbstractTransferListenerAdapter - Downloaded https://repo.maven.apache.org/maven2/org/jboss/jandex/2.4.2.Final/jandex-2.4.2.Final-sources.jar
2024-08-27 10:29:45,641 [Worker-25: Download sources and javadoc] INFO  o.e.m.j.internal.DownloadSourcesJob - Downloaded sources for org.jboss:jandex:2.4.2.Final
2024-08-27 10:29:45,700 [Worker-25: Download sources and javadoc] INFO  o.e.m.c.i.e.AbstractTransferListenerAdapter - Downloading https://repo.maven.apache.org/maven2/com/fasterxml/classmate/1.5.1/classmate-1.5.1-sources.jar
2024-08-27 10:29:45,712 [Worker-25: Download sources and javadoc] INFO  o.e.m.c.i.e.AbstractTransferListenerAdapter - Downloaded https://repo.maven.apache.org/maven2/com/fasterxml/classmate/1.5.1/classmate-1.5.1-sources.jar
2024-08-27 10:29:45,720 [Worker-25: Download sources and javadoc] INFO  o.e.m.j.internal.DownloadSourcesJob - Downloaded sources for com.fasterxml:classmate:1.5.1
2024-08-27 10:29:45,766 [Worker-25: Download sources and javadoc] INFO  o.e.m.c.i.e.AbstractTransferListenerAdapter - Downloading https://repo.maven.apache.org/maven2/javax/activation/javax.activation-api/1.2.0/javax.activation-api-1.2.0-sources.jar
2024-08-27 10:29:45,781 [Worker-25: Download sources and javadoc] INFO  o.e.m.c.i.e.AbstractTransferListenerAdapter - Downloaded https://repo.maven.apache.org/maven2/javax/activation/javax.activation-api/1.2.0/javax.activation-api-1.2.0-sources.jar
2024-08-27 10:29:45,789 [Worker-25: Download sources and javadoc] INFO  o.e.m.j.internal.DownloadSourcesJob - Downloaded sources for javax.activation:javax.activation-api:1.2.0
2024-08-27 10:29:45,838 [Worker-25: Download sources and javadoc] INFO  o.e.m.c.i.e.AbstractTransferListenerAdapter - Downloading https://repo.maven.apache.org/maven2/org/hibernate/common/hibernate-commons-annotations/5.1.2.Final/hibernate-commons-annotations-5.1.2.Final-sources.jar
2024-08-27 10:29:45,894 [Worker-25: Download sources and javadoc] INFO  o.e.m.c.i.e.AbstractTransferListenerAdapter - Downloaded https://repo.maven.apache.org/maven2/org/hibernate/common/hibernate-commons-annotations/5.1.2.Final/hibernate-commons-annotations-5.1.2.Final-sources.jar
2024-08-27 10:29:45,906 [Worker-25: Download sources and javadoc] INFO  o.e.m.j.internal.DownloadSourcesJob - Downloaded sources for org.hibernate.common:hibernate-commons-annotations:5.1.2.Final
2024-08-27 10:29:45,960 [Worker-25: Download sources and javadoc] INFO  o.e.m.c.i.e.AbstractTransferListenerAdapter - Downloading https://repo.maven.apache.org/maven2/javax/xml/bind/jaxb-api/2.3.1/jaxb-api-2.3.1-sources.jar
2024-08-27 10:29:46,012 [Worker-25: Download sources and javadoc] INFO  o.e.m.c.i.e.AbstractTransferListenerAdapter - Downloaded https://repo.maven.apache.org/maven2/javax/xml/bind/jaxb-api/2.3.1/jaxb-api-2.3.1-sources.jar
2024-08-27 10:29:46,022 [Worker-25: Download sources and javadoc] INFO  o.e.m.j.internal.DownloadSourcesJob - Downloaded sources for javax.xml.bind:jaxb-api:2.3.1
2024-08-27 10:29:46,067 [Worker-25: Download sources and javadoc] INFO  o.e.m.c.i.e.AbstractTransferListenerAdapter - Downloading https://repo.maven.apache.org/maven2/org/glassfish/jaxb/jaxb-runtime/2.3.1/jaxb-runtime-2.3.1-sources.jar
2024-08-27 10:29:46,132 [Worker-25: Download sources and javadoc] INFO  o.e.m.c.i.e.AbstractTransferListenerAdapter - Downloaded https://repo.maven.apache.org/maven2/org/glassfish/jaxb/jaxb-runtime/2.3.1/jaxb-runtime-2.3.1-sources.jar
2024-08-27 10:29:46,141 [Worker-25: Download sources and javadoc] INFO  o.e.m.j.internal.DownloadSourcesJob - Downloaded sources for org.glassfish.jaxb:jaxb-runtime:2.3.1
2024-08-27 10:29:46,182 [Worker-25: Download sources and javadoc] INFO  o.e.m.c.i.e.AbstractTransferListenerAdapter - Downloading https://repo.maven.apache.org/maven2/org/glassfish/jaxb/txw2/2.3.1/txw2-2.3.1-sources.jar
2024-08-27 10:29:46,195 [Worker-25: Download sources and javadoc] INFO  o.e.m.c.i.e.AbstractTransferListenerAdapter - Downloaded https://repo.maven.apache.org/maven2/org/glassfish/jaxb/txw2/2.3.1/txw2-2.3.1-sources.jar
2024-08-27 10:29:46,203 [Worker-25: Download sources and javadoc] INFO  o.e.m.j.internal.DownloadSourcesJob - Downloaded sources for org.glassfish.jaxb:txw2:2.3.1
2024-08-27 10:29:46,255 [Worker-25: Download sources and javadoc] INFO  o.e.m.c.i.e.AbstractTransferListenerAdapter - Downloading https://repo.maven.apache.org/maven2/com/sun/istack/istack-commons-runtime/3.0.7/istack-commons-runtime-3.0.7-sources.jar
2024-08-27 10:29:46,266 [Worker-25: Download sources and javadoc] INFO  o.e.m.c.i.e.AbstractTransferListenerAdapter - Downloaded https://repo.maven.apache.org/maven2/com/sun/istack/istack-commons-runtime/3.0.7/istack-commons-runtime-3.0.7-sources.jar
2024-08-27 10:29:46,275 [Worker-25: Download sources and javadoc] INFO  o.e.m.j.internal.DownloadSourcesJob - Downloaded sources for com.sun.istack:istack-commons-runtime:3.0.7
2024-08-27 10:29:46,325 [Worker-25: Download sources and javadoc] INFO  o.e.m.c.i.e.AbstractTransferListenerAdapter - Downloading https://repo.maven.apache.org/maven2/org/jvnet/staxex/stax-ex/1.8/stax-ex-1.8-sources.jar
2024-08-27 10:29:46,341 [Worker-25: Download sources and javadoc] INFO  o.e.m.c.i.e.AbstractTransferListenerAdapter - Downloaded https://repo.maven.apache.org/maven2/org/jvnet/staxex/stax-ex/1.8/stax-ex-1.8-sources.jar
2024-08-27 10:29:46,349 [Worker-25: Download sources and javadoc] INFO  o.e.m.j.internal.DownloadSourcesJob - Downloaded sources for org.jvnet.staxex:stax-ex:1.8
2024-08-27 10:29:46,396 [Worker-25: Download sources and javadoc] INFO  o.e.m.c.i.e.AbstractTransferListenerAdapter - Downloading https://repo.maven.apache.org/maven2/com/sun/xml/fastinfoset/FastInfoset/1.2.15/FastInfoset-1.2.15-sources.jar
2024-08-27 10:29:46,422 [Worker-25: Download sources and javadoc] INFO  o.e.m.c.i.e.AbstractTransferListenerAdapter - Downloaded https://repo.maven.apache.org/maven2/com/sun/xml/fastinfoset/FastInfoset/1.2.15/FastInfoset-1.2.15-sources.jar
2024-08-27 10:29:46,427 [Worker-25: Download sources and javadoc] INFO  o.e.m.j.internal.DownloadSourcesJob - Downloaded sources for com.sun.xml.fastinfoset:FastInfoset:1.2.15
2024-08-27 10:29:49,199 [Worker-23: Updating Maven Project] INFO  o.e.m.c.i.p.ProjectConfigurationManager - Update started
2024-08-27 10:29:49,467 [Worker-23: Updating Maven Project] INFO  o.e.m.c.i.l.LifecycleMappingFactory - Using org.eclipse.m2e.jdt.JarLifecycleMapping lifecycle mapping for MavenProject: com.hexaware.hibernate1:com.hexaware.hibernate11:0.0.1-SNAPSHOT @ C:\Users\DELL\OneDrive\Desktop\hibernate\com.hexaware.hibernate11\pom.xml.
2024-08-27 10:29:49,579 [Worker-23: Updating Maven Project] WARN  o.e.m.c.i.embedder.EclipseLogger - The artifact mysql:mysql-connector-java:jar:8.0.31 has been relocated to com.mysql:mysql-connector-j:jar:8.0.31: MySQL Connector/J artifacts moved to reverse-DNS compliant Maven 2+ coordinates.
2024-08-27 10:29:50,063 [Worker-23: Updating Maven Project] INFO  o.e.m.j.i.AbstractJavaProjectConfigurator - Adding source folder /com.hexaware.hibernate11/src/main/java
2024-08-27 10:29:50,064 [Worker-23: Updating Maven Project] INFO  o.e.m.j.i.AbstractJavaProjectConfigurator - Adding resource folder /com.hexaware.hibernate11/src/main/resources
2024-08-27 10:29:50,064 [Worker-23: Updating Maven Project] INFO  o.e.m.j.i.AbstractJavaProjectConfigurator - Adding source folder /com.hexaware.hibernate11/src/test/java
2024-08-27 10:29:50,065 [Worker-23: Updating Maven Project] INFO  o.e.m.j.i.AbstractJavaProjectConfigurator - Adding resource folder /com.hexaware.hibernate11/src/test/resources
2024-08-27 10:29:50,233 [Worker-23: Updating Maven Project] INFO  o.e.m.c.i.p.ProjectConfigurationManager - Update completed for 1 poms: local refresh takes 0.00 sec, refresh facades takes 0.00 sec, update config takes 0.00 sec 
2024-08-27 10:29:50,507 [Worker-19: Building] INFO  o.a.m.s.f.DefaultMavenResourcesFiltering - skip non existing resourceDirectory C:\Users\DELL\OneDrive\Desktop\hibernate\com.hexaware.hibernate11\src\main\resources
2024-08-27 10:29:50,513 [Worker-19: Building] INFO  o.a.m.s.f.DefaultMavenResourcesFiltering - skip non existing resourceDirectory C:\Users\DELL\OneDrive\Desktop\hibernate\com.hexaware.hibernate11\src\test\resources
2024-08-27 10:29:50,989 [Worker-19: Download sources and javadoc] INFO  o.e.m.c.i.e.AbstractTransferListenerAdapter - Downloaded https://repo.maven.apache.org/maven2/antlr/antlr/2.7.7/antlr-2.7.7-javadoc.jar
2024-08-27 10:29:50,993 [Worker-19: Download sources and javadoc] ERROR o.e.m.j.internal.DownloadSourcesJob - Could not download javadoc for antlr:antlr:2.7.7
org.eclipse.core.runtime.CoreException: Could not resolve artifact antlr:antlr:jar:javadoc:2.7.7
	at org.eclipse.m2e.core.internal.embedder.MavenImpl.lambda$6(MavenImpl.java:584)
	at org.eclipse.m2e.core.internal.embedder.MavenExecutionContext.executeBare(MavenExecutionContext.java:394)
	at org.eclipse.m2e.core.internal.embedder.MavenExecutionContext.execute(MavenExecutionContext.java:228)
	at org.eclipse.m2e.core.internal.embedder.MavenExecutionContext.execute(MavenExecutionContext.java:214)
	at org.eclipse.m2e.core.internal.embedder.MavenImpl.resolve(MavenImpl.java:553)
	at org.eclipse.m2e.core.internal.embedder.MavenImpl.resolve(MavenImpl.java:538)
	at org.eclipse.m2e.jdt.internal.DownloadSourcesJob.download(DownloadSourcesJob.java:308)
	at org.eclipse.m2e.jdt.internal.DownloadSourcesJob.downloadAttachments(DownloadSourcesJob.java:294)
	at org.eclipse.m2e.jdt.internal.DownloadSourcesJob.downloadMaven(DownloadSourcesJob.java:252)
	at org.eclipse.m2e.jdt.internal.DownloadSourcesJob.downloadFilesAndPopulateToUpdate(DownloadSourcesJob.java:220)
	at org.eclipse.m2e.jdt.internal.DownloadSourcesJob.lambda$0(DownloadSourcesJob.java:149)
	at org.eclipse.m2e.core.internal.embedder.MavenExecutionContext.executeBare(MavenExecutionContext.java:394)
	at org.eclipse.m2e.core.internal.embedder.MavenExecutionContext.execute(MavenExecutionContext.java:275)
	at org.eclipse.m2e.core.internal.embedder.MavenExecutionContext.execute(MavenExecutionContext.java:214)
	at org.eclipse.m2e.core.embedder.IMaven.execute(IMaven.java:294)
	at org.eclipse.m2e.jdt.internal.DownloadSourcesJob.run(DownloadSourcesJob.java:149)
	at org.eclipse.core.internal.jobs.Worker.run(Worker.java:63)
2024-08-27 10:35:23,139 [Worker-29: Building] INFO  o.a.m.s.f.DefaultMavenResourcesFiltering - skip non existing resourceDirectory C:\Users\DELL\OneDrive\Desktop\hibernate\com.hexaware.hibernate11\src\main\resources
2024-08-27 10:35:23,142 [Worker-29: Building] INFO  o.a.m.s.f.DefaultMavenResourcesFiltering - skip non existing resourceDirectory C:\Users\DELL\OneDrive\Desktop\hibernate\com.hexaware.hibernate11\src\test\resources
2024-08-27 10:35:45,150 [Worker-26: Building] INFO  o.a.m.s.f.DefaultMavenResourcesFiltering - skip non existing resourceDirectory C:\Users\DELL\OneDrive\Desktop\hibernate\com.hexaware.hibernate11\src\main\resources
2024-08-27 10:35:45,154 [Worker-26: Building] INFO  o.a.m.s.f.DefaultMavenResourcesFiltering - skip non existing resourceDirectory C:\Users\DELL\OneDrive\Desktop\hibernate\com.hexaware.hibernate11\src\test\resources
2024-08-27 11:03:30,503 [Worker-31: Launching App] INFO  o.a.m.s.f.DefaultMavenResourcesFiltering - skip non existing resourceDirectory C:\Users\DELL\OneDrive\Desktop\hibernate\com.hexaware.hibernate11\src\main\resources
2024-08-27 11:03:30,509 [Worker-31: Launching App] INFO  o.a.m.s.f.DefaultMavenResourcesFiltering - skip non existing resourceDirectory C:\Users\DELL\OneDrive\Desktop\hibernate\com.hexaware.hibernate11\src\test\resources
2024-08-27 11:04:01,211 [Worker-31: Building] INFO  o.a.m.s.f.DefaultMavenResourcesFiltering - skip non existing resourceDirectory C:\Users\DELL\OneDrive\Desktop\hibernate\com.hexaware.hibernate11\src\main\resources
2024-08-27 11:04:01,215 [Worker-31: Building] INFO  o.a.m.s.f.DefaultMavenResourcesFiltering - skip non existing resourceDirectory C:\Users\DELL\OneDrive\Desktop\hibernate\com.hexaware.hibernate11\src\test\resources
2024-08-27 11:06:33,815 [Worker-28: Building] INFO  o.a.m.s.f.DefaultMavenResourcesFiltering - skip non existing resourceDirectory C:\Users\DELL\OneDrive\Desktop\hibernate\com.hexaware.hibernate11\src\main\resources
2024-08-27 11:06:33,818 [Worker-28: Building] INFO  o.a.m.s.f.DefaultMavenResourcesFiltering - skip non existing resourceDirectory C:\Users\DELL\OneDrive\Desktop\hibernate\com.hexaware.hibernate11\src\test\resources
2024-08-27 11:06:58,207 [Worker-30: Building] INFO  o.a.m.s.f.DefaultMavenResourcesFiltering - skip non existing resourceDirectory C:\Users\DELL\OneDrive\Desktop\hibernate\com.hexaware.hibernate11\src\main\resources
2024-08-27 11:06:58,211 [Worker-30: Building] INFO  o.a.m.s.f.DefaultMavenResourcesFiltering - skip non existing resourceDirectory C:\Users\DELL\OneDrive\Desktop\hibernate\com.hexaware.hibernate11\src\test\resources
2024-08-27 12:06:21,148 [Worker-34: Launching App] INFO  o.a.m.s.f.DefaultMavenResourcesFiltering - skip non existing resourceDirectory C:\Users\DELL\OneDrive\Desktop\hibernate\com.hexaware.hibernate11\src\main\resources
2024-08-27 12:06:21,156 [Worker-34: Launching App] INFO  o.a.m.s.f.DefaultMavenResourcesFiltering - skip non existing resourceDirectory C:\Users\DELL\OneDrive\Desktop\hibernate\com.hexaware.hibernate11\src\test\resources
2024-08-27 12:32:02,869 [Worker-36: Building] INFO  o.a.m.s.f.DefaultMavenResourcesFiltering - skip non existing resourceDirectory C:\Users\DELL\OneDrive\Desktop\hibernate\com.hexaware.hibernate11\src\main\resources
2024-08-27 12:32:02,876 [Worker-36: Building] INFO  o.a.m.s.f.DefaultMavenResourcesFiltering - skip non existing resourceDirectory C:\Users\DELL\OneDrive\Desktop\hibernate\com.hexaware.hibernate11\src\test\resources
2024-08-27 12:32:35,184 [Worker-34: Building] INFO  o.a.m.s.f.DefaultMavenResourcesFiltering - skip non existing resourceDirectory C:\Users\DELL\OneDrive\Desktop\hibernate\com.hexaware.hibernate11\src\main\resources
2024-08-27 12:32:35,188 [Worker-34: Building] INFO  o.a.m.s.f.DefaultMavenResourcesFiltering - skip non existing resourceDirectory C:\Users\DELL\OneDrive\Desktop\hibernate\com.hexaware.hibernate11\src\test\resources
2024-08-27 12:39:07,013 [Worker-38: Building] INFO  o.a.m.s.f.DefaultMavenResourcesFiltering - skip non existing resourceDirectory C:\Users\DELL\OneDrive\Desktop\hibernate\com.hexaware.hibernate11\src\main\resources
2024-08-27 12:39:07,017 [Worker-38: Building] INFO  o.a.m.s.f.DefaultMavenResourcesFiltering - skip non existing resourceDirectory C:\Users\DELL\OneDrive\Desktop\hibernate\com.hexaware.hibernate11\src\test\resources
2024-08-27 12:39:39,039 [Worker-38: Building] INFO  o.a.m.s.f.DefaultMavenResourcesFiltering - skip non existing resourceDirectory C:\Users\DELL\OneDrive\Desktop\hibernate\com.hexaware.hibernate11\src\main\resources
2024-08-27 12:39:39,041 [Worker-38: Building] INFO  o.a.m.s.f.DefaultMavenResourcesFiltering - skip non existing resourceDirectory C:\Users\DELL\OneDrive\Desktop\hibernate\com.hexaware.hibernate11\src\test\resources
2024-08-27 12:47:02,850 [Worker-41: Building] INFO  o.a.m.s.f.DefaultMavenResourcesFiltering - skip non existing resourceDirectory C:\Users\DELL\OneDrive\Desktop\hibernate\com.hexaware.hibernate11\src\main\resources
2024-08-27 12:47:02,853 [Worker-41: Building] INFO  o.a.m.s.f.DefaultMavenResourcesFiltering - skip non existing resourceDirectory C:\Users\DELL\OneDrive\Desktop\hibernate\com.hexaware.hibernate11\src\test\resources
2024-08-27 13:11:11,375 [Worker-42: Building] INFO  o.a.m.s.f.DefaultMavenResourcesFiltering - skip non existing resourceDirectory C:\Users\DELL\OneDrive\Desktop\hibernate\com.hexaware.hibernate11\src\main\resources
2024-08-27 13:11:11,382 [Worker-42: Building] INFO  o.a.m.s.f.DefaultMavenResourcesFiltering - skip non existing resourceDirectory C:\Users\DELL\OneDrive\Desktop\hibernate\com.hexaware.hibernate11\src\test\resources
2024-08-27 13:32:34,213 [Worker-49: Building] INFO  o.a.m.s.f.DefaultMavenResourcesFiltering - skip non existing resourceDirectory C:\Users\DELL\OneDrive\Desktop\hibernate\com.hexaware.hibernate11\src\main\resources
2024-08-27 13:32:34,221 [Worker-49: Building] INFO  o.a.m.s.f.DefaultMavenResourcesFiltering - skip non existing resourceDirectory C:\Users\DELL\OneDrive\Desktop\hibernate\com.hexaware.hibernate11\src\test\resources
2024-08-27 13:32:46,362 [Worker-46: Building] INFO  o.a.m.s.f.DefaultMavenResourcesFiltering - skip non existing resourceDirectory C:\Users\DELL\OneDrive\Desktop\hibernate\com.hexaware.hibernate11\src\main\resources
2024-08-27 13:32:46,364 [Worker-46: Building] INFO  o.a.m.s.f.DefaultMavenResourcesFiltering - skip non existing resourceDirectory C:\Users\DELL\OneDrive\Desktop\hibernate\com.hexaware.hibernate11\src\test\resources
2024-08-27 18:21:05,784 [Worker-1: Loading available Gradle versions] INFO  o.e.b.c.i.u.g.PublishedGradleVersions - Gradle version information cache is up-to-date. Trying to read.
2024-08-28 15:21:31,700 [Worker-4: Loading available Gradle versions] INFO  o.e.b.c.i.u.g.PublishedGradleVersions - Gradle version information cache is out-of-date. Trying to update.
2024-08-28 15:23:21,556 [Worker-5: Building] WARN  o.e.m.c.i.embedder.EclipseLogger - The artifact mysql:mysql-connector-java:jar:8.0.31 has been relocated to com.mysql:mysql-connector-j:jar:8.0.31: MySQL Connector/J artifacts moved to reverse-DNS compliant Maven 2+ coordinates.
2024-08-28 15:23:21,977 [Worker-5: Building] INFO  o.a.m.s.f.DefaultMavenResourcesFiltering - skip non existing resourceDirectory C:\Users\DELL\OneDrive\Desktop\hibernate\com.hexaware.hibernate11\src\main\resources
2024-08-28 15:23:21,984 [Worker-5: Building] INFO  o.a.m.s.f.DefaultMavenResourcesFiltering - skip non existing resourceDirectory C:\Users\DELL\OneDrive\Desktop\hibernate\com.hexaware.hibernate11\src\test\resources
2024-08-28 15:25:38,228 [Worker-9: Launching App] INFO  o.a.m.s.f.DefaultMavenResourcesFiltering - skip non existing resourceDirectory C:\Users\DELL\OneDrive\Desktop\hibernate\com.hexaware.hibernate11\src\main\resources
2024-08-28 15:25:38,236 [Worker-9: Launching App] INFO  o.a.m.s.f.DefaultMavenResourcesFiltering - skip non existing resourceDirectory C:\Users\DELL\OneDrive\Desktop\hibernate\com.hexaware.hibernate11\src\test\resources
2024-08-28 15:25:54,804 [Worker-16: Launching App] INFO  o.a.m.s.f.DefaultMavenResourcesFiltering - skip non existing resourceDirectory C:\Users\DELL\OneDrive\Desktop\hibernate\com.hexaware.hibernate11\src\main\resources
2024-08-28 15:25:54,809 [Worker-16: Launching App] INFO  o.a.m.s.f.DefaultMavenResourcesFiltering - skip non existing resourceDirectory C:\Users\DELL\OneDrive\Desktop\hibernate\com.hexaware.hibernate11\src\test\resources
2024-08-28 15:29:14,307 [Worker-0: Building] INFO  o.a.m.s.f.DefaultMavenResourcesFiltering - skip non existing resourceDirectory C:\Users\DELL\OneDrive\Desktop\hibernate\com.hexaware.hibernate11\src\main\resources
2024-08-28 15:29:14,312 [Worker-0: Building] INFO  o.a.m.s.f.DefaultMavenResourcesFiltering - skip non existing resourceDirectory C:\Users\DELL\OneDrive\Desktop\hibernate\com.hexaware.hibernate11\src\test\resources
2024-08-28 15:29:46,464 [Worker-10: Building] INFO  o.a.m.s.f.DefaultMavenResourcesFiltering - skip non existing resourceDirectory C:\Users\DELL\OneDrive\Desktop\hibernate\com.hexaware.hibernate11\src\main\resources
2024-08-28 15:29:46,468 [Worker-10: Building] INFO  o.a.m.s.f.DefaultMavenResourcesFiltering - skip non existing resourceDirectory C:\Users\DELL\OneDrive\Desktop\hibernate\com.hexaware.hibernate11\src\test\resources
2024-08-28 15:31:01,497 [Worker-24: Building] INFO  o.a.m.s.f.DefaultMavenResourcesFiltering - skip non existing resourceDirectory C:\Users\DELL\OneDrive\Desktop\hibernate\com.hexaware.hibernate11\src\main\resources
2024-08-28 15:31:01,503 [Worker-24: Building] INFO  o.a.m.s.f.DefaultMavenResourcesFiltering - skip non existing resourceDirectory C:\Users\DELL\OneDrive\Desktop\hibernate\com.hexaware.hibernate11\src\test\resources
2024-08-28 16:15:40,951 [Worker-16: Building] INFO  o.a.m.s.f.DefaultMavenResourcesFiltering - skip non existing resourceDirectory C:\Users\DELL\OneDrive\Desktop\hibernate\com.hexaware.hibernate11\src\main\resources
2024-08-28 16:15:40,955 [Worker-16: Building] INFO  o.a.m.s.f.DefaultMavenResourcesFiltering - skip non existing resourceDirectory C:\Users\DELL\OneDrive\Desktop\hibernate\com.hexaware.hibernate11\src\test\resources
2024-08-28 16:15:51,622 [Worker-16: Building] INFO  o.a.m.s.f.DefaultMavenResourcesFiltering - skip non existing resourceDirectory C:\Users\DELL\OneDrive\Desktop\hibernate\com.hexaware.hibernate11\src\main\resources
2024-08-28 16:15:51,625 [Worker-16: Building] INFO  o.a.m.s.f.DefaultMavenResourcesFiltering - skip non existing resourceDirectory C:\Users\DELL\OneDrive\Desktop\hibernate\com.hexaware.hibernate11\src\test\resources
2024-08-28 16:17:03,949 [Worker-16: Building] INFO  o.a.m.s.f.DefaultMavenResourcesFiltering - skip non existing resourceDirectory C:\Users\DELL\OneDrive\Desktop\hibernate\com.hexaware.hibernate11\src\main\resources
2024-08-28 16:17:03,952 [Worker-16: Building] INFO  o.a.m.s.f.DefaultMavenResourcesFiltering - skip non existing resourceDirectory C:\Users\DELL\OneDrive\Desktop\hibernate\com.hexaware.hibernate11\src\test\resources
2024-08-28 16:17:59,710 [Worker-32: Building] INFO  o.a.m.s.f.DefaultMavenResourcesFiltering - skip non existing resourceDirectory C:\Users\DELL\OneDrive\Desktop\hibernate\com.hexaware.hibernate11\src\main\resources
2024-08-28 16:17:59,713 [Worker-32: Building] INFO  o.a.m.s.f.DefaultMavenResourcesFiltering - skip non existing resourceDirectory C:\Users\DELL\OneDrive\Desktop\hibernate\com.hexaware.hibernate11\src\test\resources
2024-08-28 16:18:17,957 [Worker-16: Building] INFO  o.a.m.s.f.DefaultMavenResourcesFiltering - skip non existing resourceDirectory C:\Users\DELL\OneDrive\Desktop\hibernate\com.hexaware.hibernate11\src\main\resources
2024-08-28 16:18:17,959 [Worker-16: Building] INFO  o.a.m.s.f.DefaultMavenResourcesFiltering - skip non existing resourceDirectory C:\Users\DELL\OneDrive\Desktop\hibernate\com.hexaware.hibernate11\src\test\resources
2024-09-10 14:25:22,565 [Worker-1: Loading available Gradle versions] INFO  o.e.b.c.i.u.g.PublishedGradleVersions - Gradle version information cache is up-to-date. Trying to read.
