2024-08-28 17:00:36,634 [Worker-2: Loading available Gradle versions] INFO  o.e.b.c.i.u.g.PublishedGradleVersions - Gradle version information cache is up-to-date. Trying to read.
2024-08-28 17:01:55,340 [Worker-10: Launching mavenrun-8edd946f-b44d-4d58-a5d9-48f117f281c3] INFO  o.eclipse.m2e.core.internal.Bundles - getClasspathEntries(Bundle=org.eclipse.m2e.maven.runtime_3.9.500.20231113-2345 [297])
2024-08-28 17:01:55,343 [Worker-10: Launching mavenrun-8edd946f-b44d-4d58-a5d9-48f117f281c3] INFO  o.eclipse.m2e.core.internal.Bundles - 	Entry: C:\Users\DELL\.p2\pool\plugins\org.eclipse.m2e.maven.runtime_3.9.500.20231113-2345
2024-08-28 17:01:55,344 [Worker-10: Launching mavenrun-8edd946f-b44d-4d58-a5d9-48f117f281c3] INFO  o.eclipse.m2e.core.internal.Bundles - 	Entry: C:\Users\DELL\.p2\pool\plugins\org.eclipse.m2e.maven.runtime_3.9.500.20231113-2345\jars\aopalliance-1.0.jar
2024-08-28 17:01:55,344 [Worker-10: Launching mavenrun-8edd946f-b44d-4d58-a5d9-48f117f281c3] INFO  o.eclipse.m2e.core.internal.Bundles - 	Entry: C:\Users\DELL\.p2\pool\plugins\org.eclipse.m2e.maven.runtime_3.9.500.20231113-2345\jars\guice-5.1.0.jar
2024-08-28 17:01:55,345 [Worker-10: Launching mavenrun-8edd946f-b44d-4d58-a5d9-48f117f281c3] INFO  o.eclipse.m2e.core.internal.Bundles - 	Entry: C:\Users\DELL\.p2\pool\plugins\org.eclipse.m2e.maven.runtime_3.9.500.20231113-2345\jars\httpclient-4.5.14.jar
2024-08-28 17:01:55,345 [Worker-10: Launching mavenrun-8edd946f-b44d-4d58-a5d9-48f117f281c3] INFO  o.eclipse.m2e.core.internal.Bundles - 	Entry: C:\Users\DELL\.p2\pool\plugins\org.eclipse.m2e.maven.runtime_3.9.500.20231113-2345\jars\httpcore-4.4.16.jar
2024-08-28 17:01:55,345 [Worker-10: Launching mavenrun-8edd946f-b44d-4d58-a5d9-48f117f281c3] INFO  o.eclipse.m2e.core.internal.Bundles - 	Entry: C:\Users\DELL\.p2\pool\plugins\org.eclipse.m2e.maven.runtime_3.9.500.20231113-2345\jars\jansi-2.4.0.jar
2024-08-28 17:01:55,345 [Worker-10: Launching mavenrun-8edd946f-b44d-4d58-a5d9-48f117f281c3] INFO  o.eclipse.m2e.core.internal.Bundles - 	Entry: C:\Users\DELL\.p2\pool\plugins\org.eclipse.m2e.maven.runtime_3.9.500.20231113-2345\jars\jcl-over-slf4j-1.7.36.jar
2024-08-28 17:01:55,346 [Worker-10: Launching mavenrun-8edd946f-b44d-4d58-a5d9-48f117f281c3] INFO  o.eclipse.m2e.core.internal.Bundles - 	Entry: C:\Users\DELL\.p2\pool\plugins\org.eclipse.m2e.maven.runtime_3.9.500.20231113-2345\jars\maven-artifact-3.9.5.jar
2024-08-28 17:01:55,346 [Worker-10: Launching mavenrun-8edd946f-b44d-4d58-a5d9-48f117f281c3] INFO  o.eclipse.m2e.core.internal.Bundles - 	Entry: C:\Users\DELL\.p2\pool\plugins\org.eclipse.m2e.maven.runtime_3.9.500.20231113-2345\jars\maven-builder-support-3.9.5.jar
2024-08-28 17:01:55,346 [Worker-10: Launching mavenrun-8edd946f-b44d-4d58-a5d9-48f117f281c3] INFO  o.eclipse.m2e.core.internal.Bundles - 	Entry: C:\Users\DELL\.p2\pool\plugins\org.eclipse.m2e.maven.runtime_3.9.500.20231113-2345\jars\maven-compat-3.9.5.jar
2024-08-28 17:01:55,346 [Worker-10: Launching mavenrun-8edd946f-b44d-4d58-a5d9-48f117f281c3] INFO  o.eclipse.m2e.core.internal.Bundles - 	Entry: C:\Users\DELL\.p2\pool\plugins\org.eclipse.m2e.maven.runtime_3.9.500.20231113-2345\jars\maven-core-3.9.5.jar
2024-08-28 17:01:55,346 [Worker-10: Launching mavenrun-8edd946f-b44d-4d58-a5d9-48f117f281c3] INFO  o.eclipse.m2e.core.internal.Bundles - 	Entry: C:\Users\DELL\.p2\pool\plugins\org.eclipse.m2e.maven.runtime_3.9.500.20231113-2345\jars\maven-embedder-3.9.5.jar
2024-08-28 17:01:55,347 [Worker-10: Launching mavenrun-8edd946f-b44d-4d58-a5d9-48f117f281c3] INFO  o.eclipse.m2e.core.internal.Bundles - 	Entry: C:\Users\DELL\.p2\pool\plugins\org.eclipse.m2e.maven.runtime_3.9.500.20231113-2345\jars\maven-model-3.9.5.jar
2024-08-28 17:01:55,347 [Worker-10: Launching mavenrun-8edd946f-b44d-4d58-a5d9-48f117f281c3] INFO  o.eclipse.m2e.core.internal.Bundles - 	Entry: C:\Users\DELL\.p2\pool\plugins\org.eclipse.m2e.maven.runtime_3.9.500.20231113-2345\jars\maven-model-builder-3.9.5.jar
2024-08-28 17:01:55,347 [Worker-10: Launching mavenrun-8edd946f-b44d-4d58-a5d9-48f117f281c3] INFO  o.eclipse.m2e.core.internal.Bundles - 	Entry: C:\Users\DELL\.p2\pool\plugins\org.eclipse.m2e.maven.runtime_3.9.500.20231113-2345\jars\maven-plugin-api-3.9.5.jar
2024-08-28 17:01:55,347 [Worker-10: Launching mavenrun-8edd946f-b44d-4d58-a5d9-48f117f281c3] INFO  o.eclipse.m2e.core.internal.Bundles - 	Entry: C:\Users\DELL\.p2\pool\plugins\org.eclipse.m2e.maven.runtime_3.9.500.20231113-2345\jars\maven-repository-metadata-3.9.5.jar
2024-08-28 17:01:55,347 [Worker-10: Launching mavenrun-8edd946f-b44d-4d58-a5d9-48f117f281c3] INFO  o.eclipse.m2e.core.internal.Bundles - 	Entry: C:\Users\DELL\.p2\pool\plugins\org.eclipse.m2e.maven.runtime_3.9.500.20231113-2345\jars\maven-resolver-api-1.9.16.jar
2024-08-28 17:01:55,347 [Worker-10: Launching mavenrun-8edd946f-b44d-4d58-a5d9-48f117f281c3] INFO  o.eclipse.m2e.core.internal.Bundles - 	Entry: C:\Users\DELL\.p2\pool\plugins\org.eclipse.m2e.maven.runtime_3.9.500.20231113-2345\jars\maven-resolver-connector-basic-1.9.16.jar
2024-08-28 17:01:55,348 [Worker-10: Launching mavenrun-8edd946f-b44d-4d58-a5d9-48f117f281c3] INFO  o.eclipse.m2e.core.internal.Bundles - 	Entry: C:\Users\DELL\.p2\pool\plugins\org.eclipse.m2e.maven.runtime_3.9.500.20231113-2345\jars\maven-resolver-impl-1.9.16.jar
2024-08-28 17:01:55,348 [Worker-10: Launching mavenrun-8edd946f-b44d-4d58-a5d9-48f117f281c3] INFO  o.eclipse.m2e.core.internal.Bundles - 	Entry: C:\Users\DELL\.p2\pool\plugins\org.eclipse.m2e.maven.runtime_3.9.500.20231113-2345\jars\maven-resolver-named-locks-1.9.16.jar
2024-08-28 17:01:55,348 [Worker-10: Launching mavenrun-8edd946f-b44d-4d58-a5d9-48f117f281c3] INFO  o.eclipse.m2e.core.internal.Bundles - 	Entry: C:\Users\DELL\.p2\pool\plugins\org.eclipse.m2e.maven.runtime_3.9.500.20231113-2345\jars\maven-resolver-provider-3.9.5.jar
2024-08-28 17:01:55,348 [Worker-10: Launching mavenrun-8edd946f-b44d-4d58-a5d9-48f117f281c3] INFO  o.eclipse.m2e.core.internal.Bundles - 	Entry: C:\Users\DELL\.p2\pool\plugins\org.eclipse.m2e.maven.runtime_3.9.500.20231113-2345\jars\maven-resolver-spi-1.9.16.jar
2024-08-28 17:01:55,348 [Worker-10: Launching mavenrun-8edd946f-b44d-4d58-a5d9-48f117f281c3] INFO  o.eclipse.m2e.core.internal.Bundles - 	Entry: C:\Users\DELL\.p2\pool\plugins\org.eclipse.m2e.maven.runtime_3.9.500.20231113-2345\jars\maven-resolver-transport-file-1.9.16.jar
2024-08-28 17:01:55,349 [Worker-10: Launching mavenrun-8edd946f-b44d-4d58-a5d9-48f117f281c3] INFO  o.eclipse.m2e.core.internal.Bundles - 	Entry: C:\Users\DELL\.p2\pool\plugins\org.eclipse.m2e.maven.runtime_3.9.500.20231113-2345\jars\maven-resolver-transport-http-1.9.16.jar
2024-08-28 17:01:55,349 [Worker-10: Launching mavenrun-8edd946f-b44d-4d58-a5d9-48f117f281c3] INFO  o.eclipse.m2e.core.internal.Bundles - 	Entry: C:\Users\DELL\.p2\pool\plugins\org.eclipse.m2e.maven.runtime_3.9.500.20231113-2345\jars\maven-resolver-transport-wagon-1.9.16.jar
2024-08-28 17:01:55,349 [Worker-10: Launching mavenrun-8edd946f-b44d-4d58-a5d9-48f117f281c3] INFO  o.eclipse.m2e.core.internal.Bundles - 	Entry: C:\Users\DELL\.p2\pool\plugins\org.eclipse.m2e.maven.runtime_3.9.500.20231113-2345\jars\maven-resolver-util-1.9.16.jar
2024-08-28 17:01:55,350 [Worker-10: Launching mavenrun-8edd946f-b44d-4d58-a5d9-48f117f281c3] INFO  o.eclipse.m2e.core.internal.Bundles - 	Entry: C:\Users\DELL\.p2\pool\plugins\org.eclipse.m2e.maven.runtime_3.9.500.20231113-2345\jars\maven-settings-3.9.5.jar
2024-08-28 17:01:55,350 [Worker-10: Launching mavenrun-8edd946f-b44d-4d58-a5d9-48f117f281c3] INFO  o.eclipse.m2e.core.internal.Bundles - 	Entry: C:\Users\DELL\.p2\pool\plugins\org.eclipse.m2e.maven.runtime_3.9.500.20231113-2345\jars\maven-settings-builder-3.9.5.jar
2024-08-28 17:01:55,350 [Worker-10: Launching mavenrun-8edd946f-b44d-4d58-a5d9-48f117f281c3] INFO  o.eclipse.m2e.core.internal.Bundles - 	Entry: C:\Users\DELL\.p2\pool\plugins\org.eclipse.m2e.maven.runtime_3.9.500.20231113-2345\jars\maven-shared-utils-3.3.4.jar
2024-08-28 17:01:55,350 [Worker-10: Launching mavenrun-8edd946f-b44d-4d58-a5d9-48f117f281c3] INFO  o.eclipse.m2e.core.internal.Bundles - 	Entry: C:\Users\DELL\.p2\pool\plugins\org.eclipse.m2e.maven.runtime_3.9.500.20231113-2345\jars\org.eclipse.sisu.inject-0.3.5.jar
2024-08-28 17:01:55,351 [Worker-10: Launching mavenrun-8edd946f-b44d-4d58-a5d9-48f117f281c3] INFO  o.eclipse.m2e.core.internal.Bundles - 	Entry: C:\Users\DELL\.p2\pool\plugins\org.eclipse.m2e.maven.runtime_3.9.500.20231113-2345\jars\org.eclipse.sisu.plexus-0.3.5.jar
2024-08-28 17:01:55,351 [Worker-10: Launching mavenrun-8edd946f-b44d-4d58-a5d9-48f117f281c3] INFO  o.eclipse.m2e.core.internal.Bundles - 	Entry: C:\Users\DELL\.p2\pool\plugins\org.eclipse.m2e.maven.runtime_3.9.500.20231113-2345\jars\plexus-build-api-0.0.7.jar
2024-08-28 17:01:55,351 [Worker-10: Launching mavenrun-8edd946f-b44d-4d58-a5d9-48f117f281c3] INFO  o.eclipse.m2e.core.internal.Bundles - 	Entry: C:\Users\DELL\.p2\pool\plugins\org.eclipse.m2e.maven.runtime_3.9.500.20231113-2345\jars\plexus-cipher-2.0.jar
2024-08-28 17:01:55,351 [Worker-10: Launching mavenrun-8edd946f-b44d-4d58-a5d9-48f117f281c3] INFO  o.eclipse.m2e.core.internal.Bundles - 	Entry: C:\Users\DELL\.p2\pool\plugins\org.eclipse.m2e.maven.runtime_3.9.500.20231113-2345\jars\plexus-classworlds-2.7.0.jar
2024-08-28 17:01:55,351 [Worker-10: Launching mavenrun-8edd946f-b44d-4d58-a5d9-48f117f281c3] INFO  o.eclipse.m2e.core.internal.Bundles - 	Entry: C:\Users\DELL\.p2\pool\plugins\org.eclipse.m2e.maven.runtime_3.9.500.20231113-2345\jars\plexus-component-annotations-2.1.0.jar
2024-08-28 17:01:55,352 [Worker-10: Launching mavenrun-8edd946f-b44d-4d58-a5d9-48f117f281c3] INFO  o.eclipse.m2e.core.internal.Bundles - 	Entry: C:\Users\DELL\.p2\pool\plugins\org.eclipse.m2e.maven.runtime_3.9.500.20231113-2345\jars\plexus-interpolation-1.26.jar
2024-08-28 17:01:55,352 [Worker-10: Launching mavenrun-8edd946f-b44d-4d58-a5d9-48f117f281c3] INFO  o.eclipse.m2e.core.internal.Bundles - 	Entry: C:\Users\DELL\.p2\pool\plugins\org.eclipse.m2e.maven.runtime_3.9.500.20231113-2345\jars\plexus-sec-dispatcher-2.0.jar
2024-08-28 17:01:55,353 [Worker-10: Launching mavenrun-8edd946f-b44d-4d58-a5d9-48f117f281c3] INFO  o.eclipse.m2e.core.internal.Bundles - 	Entry: C:\Users\DELL\.p2\pool\plugins\org.eclipse.m2e.maven.runtime_3.9.500.20231113-2345\jars\plexus-utils-3.5.1.jar
2024-08-28 17:01:55,353 [Worker-10: Launching mavenrun-8edd946f-b44d-4d58-a5d9-48f117f281c3] INFO  o.eclipse.m2e.core.internal.Bundles - 	Entry: C:\Users\DELL\.p2\pool\plugins\org.eclipse.m2e.maven.runtime_3.9.500.20231113-2345\jars\wagon-file-3.5.3.jar
2024-08-28 17:01:55,354 [Worker-10: Launching mavenrun-8edd946f-b44d-4d58-a5d9-48f117f281c3] INFO  o.eclipse.m2e.core.internal.Bundles - 	Entry: C:\Users\DELL\.p2\pool\plugins\org.eclipse.m2e.maven.runtime_3.9.500.20231113-2345\jars\wagon-http-3.5.3.jar
2024-08-28 17:01:55,355 [Worker-10: Launching mavenrun-8edd946f-b44d-4d58-a5d9-48f117f281c3] INFO  o.eclipse.m2e.core.internal.Bundles - 	Entry: C:\Users\DELL\.p2\pool\plugins\org.eclipse.m2e.maven.runtime_3.9.500.20231113-2345\jars\wagon-http-shared-3.5.3.jar
2024-08-28 17:01:55,355 [Worker-10: Launching mavenrun-8edd946f-b44d-4d58-a5d9-48f117f281c3] INFO  o.eclipse.m2e.core.internal.Bundles - 	Entry: C:\Users\DELL\.p2\pool\plugins\org.eclipse.m2e.maven.runtime_3.9.500.20231113-2345\jars\wagon-provider-api-3.5.3.jar
2024-08-28 17:01:55,357 [Worker-10: Launching mavenrun-8edd946f-b44d-4d58-a5d9-48f117f281c3] INFO  o.eclipse.m2e.core.internal.Bundles - getClasspathEntries(Bundle=com.google.guava_32.1.3.jre [10])
2024-08-28 17:01:55,358 [Worker-10: Launching mavenrun-8edd946f-b44d-4d58-a5d9-48f117f281c3] INFO  o.eclipse.m2e.core.internal.Bundles - 	Entry: C:\Users\DELL\.p2\pool\plugins\com.google.guava_32.1.3.jre.jar
2024-08-28 17:01:55,358 [Worker-10: Launching mavenrun-8edd946f-b44d-4d58-a5d9-48f117f281c3] INFO  o.eclipse.m2e.core.internal.Bundles - getClasspathEntries(Bundle=slf4j.api_2.0.12 [517])
2024-08-28 17:01:55,359 [Worker-10: Launching mavenrun-8edd946f-b44d-4d58-a5d9-48f117f281c3] INFO  o.eclipse.m2e.core.internal.Bundles - 	Entry: C:\Users\DELL\.p2\pool\plugins\slf4j.api_2.0.12.jar
2024-08-28 17:01:55,359 [Worker-10: Launching mavenrun-8edd946f-b44d-4d58-a5d9-48f117f281c3] INFO  o.eclipse.m2e.core.internal.Bundles - getClasspathEntries(Bundle=jakarta.inject.jakarta.inject-api_1.0.5 [22])
2024-08-28 17:01:55,359 [Worker-10: Launching mavenrun-8edd946f-b44d-4d58-a5d9-48f117f281c3] INFO  o.eclipse.m2e.core.internal.Bundles - 	Entry: C:\Users\DELL\.p2\pool\plugins\jakarta.inject.jakarta.inject-api_1.0.5.jar
2024-08-28 17:01:55,359 [Worker-10: Launching mavenrun-8edd946f-b44d-4d58-a5d9-48f117f281c3] INFO  o.eclipse.m2e.core.internal.Bundles - getClasspathEntries(Bundle=jakarta.annotation-api_1.3.5 [20])
2024-08-28 17:01:55,360 [Worker-10: Launching mavenrun-8edd946f-b44d-4d58-a5d9-48f117f281c3] INFO  o.eclipse.m2e.core.internal.Bundles - 	Entry: C:\Users\DELL\.p2\pool\plugins\jakarta.annotation-api_1.3.5.jar
2024-08-28 17:01:55,360 [Worker-10: Launching mavenrun-8edd946f-b44d-4d58-a5d9-48f117f281c3] INFO  o.eclipse.m2e.core.internal.Bundles - getClasspathEntries(Bundle=org.apache.commons.cli_1.6.0 [46])
2024-08-28 17:01:55,360 [Worker-10: Launching mavenrun-8edd946f-b44d-4d58-a5d9-48f117f281c3] INFO  o.eclipse.m2e.core.internal.Bundles - 	Entry: C:\Users\DELL\.p2\pool\plugins\org.apache.commons.cli_1.6.0.jar
2024-08-28 17:01:55,360 [Worker-10: Launching mavenrun-8edd946f-b44d-4d58-a5d9-48f117f281c3] INFO  o.eclipse.m2e.core.internal.Bundles - getClasspathEntries(Bundle=org.apache.commons.commons-codec_1.16.0 [48])
2024-08-28 17:01:55,361 [Worker-10: Launching mavenrun-8edd946f-b44d-4d58-a5d9-48f117f281c3] INFO  o.eclipse.m2e.core.internal.Bundles - 	Entry: C:\Users\DELL\.p2\pool\plugins\org.apache.commons.commons-codec_1.16.0.jar
2024-08-28 17:01:55,361 [Worker-10: Launching mavenrun-8edd946f-b44d-4d58-a5d9-48f117f281c3] INFO  o.eclipse.m2e.core.internal.Bundles - getClasspathEntries(Bundle=org.apache.commons.lang3_3.13.0 [53])
2024-08-28 17:01:55,361 [Worker-10: Launching mavenrun-8edd946f-b44d-4d58-a5d9-48f117f281c3] INFO  o.eclipse.m2e.core.internal.Bundles - 	Entry: C:\Users\DELL\.p2\pool\plugins\org.apache.commons.lang3_3.13.0.jar
2024-08-28 17:01:55,361 [Worker-10: Launching mavenrun-8edd946f-b44d-4d58-a5d9-48f117f281c3] INFO  o.eclipse.m2e.core.internal.Bundles - getClasspathEntries(Bundle=com.google.guava.failureaccess_1.0.2 [11])
2024-08-28 17:01:55,362 [Worker-10: Launching mavenrun-8edd946f-b44d-4d58-a5d9-48f117f281c3] INFO  o.eclipse.m2e.core.internal.Bundles - 	Entry: C:\Users\DELL\.p2\pool\plugins\com.google.guava.failureaccess_1.0.2.jar
2024-08-28 17:01:55,371 [Worker-10: Launching mavenrun-8edd946f-b44d-4d58-a5d9-48f117f281c3] INFO  o.e.m.i.launch.MavenLaunchDelegate - Run build in "C:\Users\DELL\AppData\Local\Temp\m2e-archetypeGenerator18073515742227016263":
2024-08-28 17:01:55,376 [Worker-10: Launching mavenrun-8edd946f-b44d-4d58-a5d9-48f117f281c3] INFO  o.e.m.i.launch.MavenLaunchDelegate -  mvn  -DarchetypeGroupId=org.apache.maven.archetypes -DarchetypeArtifactId=maven-archetype-quickstart -DarchetypeVersion=1.1 -DgroupId=com.HqlProd -DartifactId=com.HqlProd -Dversion=0.0.1-SNAPSHOT -Dpackage=com.HqlProd.com.HqlProd -DoutputDirectory=C:\Users\DELL\OneDrive\Desktop\HQLproduct -Dstyle.color=always -U archetype:generate
2024-08-28 17:02:09,731 [Worker-20: Creating maven-archetype-quickstart] INFO  o.e.m.c.i.p.ProjectConfigurationManager - Collecting project info '/pom.xml' C:\Users\DELL\OneDrive\Desktop\HQLproduct\com.HqlProd\pom.xml
2024-08-28 17:02:10,348 [Worker-20: Creating maven-archetype-quickstart] INFO  o.e.m.c.i.l.LifecycleMappingFactory - Using org.eclipse.m2e.jdt.JarLifecycleMapping lifecycle mapping for MavenProject: com.HqlProd:com.HqlProd:0.0.1-SNAPSHOT @ C:\Users\DELL\OneDrive\Desktop\HQLproduct\com.HqlProd\pom.xml.
2024-08-28 17:02:11,037 [Worker-20: Creating maven-archetype-quickstart] INFO  o.e.m.j.i.AbstractJavaProjectConfigurator - Adding source folder /com.HqlProd/src/main/java
2024-08-28 17:02:11,038 [Worker-20: Creating maven-archetype-quickstart] INFO  o.e.m.j.i.AbstractJavaProjectConfigurator - Adding resource folder /com.HqlProd/src/main/resources
2024-08-28 17:02:11,044 [Worker-20: Creating maven-archetype-quickstart] INFO  o.e.m.j.i.AbstractJavaProjectConfigurator - Adding source folder /com.HqlProd/src/test/java
2024-08-28 17:02:11,045 [Worker-20: Creating maven-archetype-quickstart] INFO  o.e.m.j.i.AbstractJavaProjectConfigurator - Adding resource folder /com.HqlProd/src/test/resources
2024-08-28 17:02:11,160 [Worker-20: Creating maven-archetype-quickstart] INFO  o.e.m.c.i.p.ProjectConfigurationManager - Imported and configured 1 project(s) in 1 sec
2024-08-28 17:02:12,182 [Worker-7: Building] INFO  o.a.m.s.f.DefaultMavenResourcesFiltering - skip non existing resourceDirectory C:\Users\DELL\OneDrive\Desktop\HQLproduct\com.HqlProd\src\main\resources
2024-08-28 17:02:12,190 [Worker-7: Building] INFO  o.a.m.s.f.DefaultMavenResourcesFiltering - skip non existing resourceDirectory C:\Users\DELL\OneDrive\Desktop\HQLproduct\com.HqlProd\src\test\resources
2024-08-28 17:02:49,617 [Worker-9: Building] INFO  o.a.m.s.f.DefaultMavenResourcesFiltering - skip non existing resourceDirectory C:\Users\DELL\OneDrive\Desktop\HQLproduct\com.HqlProd\src\main\resources
2024-08-28 17:02:49,621 [Worker-9: Building] INFO  o.a.m.s.f.DefaultMavenResourcesFiltering - skip non existing resourceDirectory C:\Users\DELL\OneDrive\Desktop\HQLproduct\com.HqlProd\src\test\resources
2024-08-28 17:03:28,489 [Worker-1: Building] WARN  o.e.m.c.i.embedder.EclipseLogger - The artifact mysql:mysql-connector-java:jar:8.0.31 has been relocated to com.mysql:mysql-connector-j:jar:8.0.31: MySQL Connector/J artifacts moved to reverse-DNS compliant Maven 2+ coordinates.
2024-08-28 17:03:28,750 [Worker-1: Building] INFO  o.e.m.c.i.l.LifecycleMappingFactory - Using org.eclipse.m2e.jdt.JarLifecycleMapping lifecycle mapping for MavenProject: com.hexaware.hibernate1:com.hexaware.hibernate11:0.0.1-SNAPSHOT @ C:\Users\DELL\OneDrive\Desktop\HQLproduct\com.HqlProd\pom.xml.
2024-08-28 17:03:28,754 [Worker-1: Building] WARN  o.e.m.c.i.embedder.EclipseLogger - The artifact mysql:mysql-connector-java:jar:8.0.31 has been relocated to com.mysql:mysql-connector-j:jar:8.0.31: MySQL Connector/J artifacts moved to reverse-DNS compliant Maven 2+ coordinates.
2024-08-28 17:03:28,982 [Worker-1: Building] INFO  o.a.m.s.f.DefaultMavenResourcesFiltering - skip non existing resourceDirectory C:\Users\DELL\OneDrive\Desktop\HQLproduct\com.HqlProd\src\main\resources
2024-08-28 17:03:28,987 [Worker-1: Building] INFO  o.a.m.s.f.DefaultMavenResourcesFiltering - skip non existing resourceDirectory C:\Users\DELL\OneDrive\Desktop\HQLproduct\com.HqlProd\src\test\resources
2024-08-28 17:04:05,437 [Worker-19: Building] INFO  o.a.m.s.f.DefaultMavenResourcesFiltering - skip non existing resourceDirectory C:\Users\DELL\OneDrive\Desktop\HQLproduct\com.HqlProd\src\main\resources
2024-08-28 17:04:05,442 [Worker-19: Building] INFO  o.a.m.s.f.DefaultMavenResourcesFiltering - skip non existing resourceDirectory C:\Users\DELL\OneDrive\Desktop\HQLproduct\com.HqlProd\src\test\resources
2024-08-28 17:04:25,295 [Worker-1: reload maven project] WARN  o.e.m.c.i.embedder.EclipseLogger - The artifact mysql:mysql-connector-java:jar:8.0.31 has been relocated to com.mysql:mysql-connector-j:jar:8.0.31: MySQL Connector/J artifacts moved to reverse-DNS compliant Maven 2+ coordinates.
2024-08-28 17:04:56,774 [Worker-15: Loading available Gradle versions] INFO  o.e.b.c.i.u.g.PublishedGradleVersions - Gradle version information cache is up-to-date. Trying to read.
2024-08-28 17:06:06,030 [Worker-9: Building] INFO  o.a.m.s.f.DefaultMavenResourcesFiltering - skip non existing resourceDirectory C:\Users\DELL\OneDrive\Desktop\HQLproduct\com.HqlProd\src\main\resources
2024-08-28 17:06:06,038 [Worker-9: Building] INFO  o.a.m.s.f.DefaultMavenResourcesFiltering - skip non existing resourceDirectory C:\Users\DELL\OneDrive\Desktop\HQLproduct\com.HqlProd\src\test\resources
2024-08-28 17:06:24,161 [Worker-18: Building] INFO  o.a.m.s.f.DefaultMavenResourcesFiltering - skip non existing resourceDirectory C:\Users\DELL\OneDrive\Desktop\HQLproduct\com.HqlProd\src\main\resources
2024-08-28 17:06:24,166 [Worker-18: Building] INFO  o.a.m.s.f.DefaultMavenResourcesFiltering - skip non existing resourceDirectory C:\Users\DELL\OneDrive\Desktop\HQLproduct\com.HqlProd\src\test\resources
2024-08-28 17:06:37,980 [Worker-10: Updating Maven Project] INFO  o.e.m.c.i.p.ProjectConfigurationManager - Update started
2024-08-28 17:06:38,292 [Worker-10: Updating Maven Project] INFO  o.e.m.c.i.l.LifecycleMappingFactory - Using org.eclipse.m2e.jdt.JarLifecycleMapping lifecycle mapping for MavenProject: com.hexaware.hibernate1:com.hexaware.hibernate11:0.0.1-SNAPSHOT @ C:\Users\DELL\OneDrive\Desktop\HQLproduct\com.HqlProd\pom.xml.
2024-08-28 17:06:38,425 [Worker-10: Updating Maven Project] WARN  o.e.m.c.i.embedder.EclipseLogger - The artifact mysql:mysql-connector-java:jar:8.0.31 has been relocated to com.mysql:mysql-connector-j:jar:8.0.31: MySQL Connector/J artifacts moved to reverse-DNS compliant Maven 2+ coordinates.
2024-08-28 17:06:38,751 [Worker-10: Updating Maven Project] INFO  o.e.m.j.i.AbstractJavaProjectConfigurator - Adding source folder /com.HqlProd/src/main/java
2024-08-28 17:06:38,752 [Worker-10: Updating Maven Project] INFO  o.e.m.j.i.AbstractJavaProjectConfigurator - Adding resource folder /com.HqlProd/src/main/resources
2024-08-28 17:06:38,754 [Worker-10: Updating Maven Project] INFO  o.e.m.j.i.AbstractJavaProjectConfigurator - Adding source folder /com.HqlProd/src/test/java
2024-08-28 17:06:38,755 [Worker-10: Updating Maven Project] INFO  o.e.m.j.i.AbstractJavaProjectConfigurator - Adding resource folder /com.HqlProd/src/test/resources
2024-08-28 17:06:38,959 [Worker-10: Updating Maven Project] INFO  o.e.m.c.i.p.ProjectConfigurationManager - Update completed for 1 poms: local refresh takes 0.00 sec, refresh facades takes 0.00 sec, update config takes 0.00 sec 
2024-08-28 17:06:39,238 [Worker-9: Building] INFO  o.a.m.s.f.DefaultMavenResourcesFiltering - skip non existing resourceDirectory C:\Users\DELL\OneDrive\Desktop\HQLproduct\com.HqlProd\src\main\resources
2024-08-28 17:06:39,244 [Worker-9: Building] INFO  o.a.m.s.f.DefaultMavenResourcesFiltering - skip non existing resourceDirectory C:\Users\DELL\OneDrive\Desktop\HQLproduct\com.HqlProd\src\test\resources
2024-08-28 17:14:22,265 [Worker-4: Building] INFO  o.a.m.s.f.DefaultMavenResourcesFiltering - skip non existing resourceDirectory C:\Users\DELL\OneDrive\Desktop\HQLproduct\com.HqlProd\src\main\resources
2024-08-28 17:14:22,269 [Worker-4: Building] INFO  o.a.m.s.f.DefaultMavenResourcesFiltering - skip non existing resourceDirectory C:\Users\DELL\OneDrive\Desktop\HQLproduct\com.HqlProd\src\test\resources
2024-08-28 17:22:48,300 [Worker-21: Building] INFO  o.a.m.s.f.DefaultMavenResourcesFiltering - skip non existing resourceDirectory C:\Users\DELL\OneDrive\Desktop\HQLproduct\com.HqlProd\src\main\resources
2024-08-28 17:22:48,302 [Worker-21: Building] INFO  o.a.m.s.f.DefaultMavenResourcesFiltering - skip non existing resourceDirectory C:\Users\DELL\OneDrive\Desktop\HQLproduct\com.HqlProd\src\test\resources
2024-08-28 17:22:58,012 [Worker-21: Building] INFO  o.a.m.s.f.DefaultMavenResourcesFiltering - skip non existing resourceDirectory C:\Users\DELL\OneDrive\Desktop\HQLproduct\com.HqlProd\src\main\resources
2024-08-28 17:22:58,015 [Worker-21: Building] INFO  o.a.m.s.f.DefaultMavenResourcesFiltering - skip non existing resourceDirectory C:\Users\DELL\OneDrive\Desktop\HQLproduct\com.HqlProd\src\test\resources
2024-08-28 17:24:27,686 [Worker-1: Building] INFO  o.a.m.s.f.DefaultMavenResourcesFiltering - skip non existing resourceDirectory C:\Users\DELL\OneDrive\Desktop\HQLproduct\com.HqlProd\src\main\resources
2024-08-28 17:24:27,691 [Worker-1: Building] INFO  o.a.m.s.f.DefaultMavenResourcesFiltering - skip non existing resourceDirectory C:\Users\DELL\OneDrive\Desktop\HQLproduct\com.HqlProd\src\test\resources
2024-08-28 17:24:36,081 [Worker-23: Building] INFO  o.a.m.s.f.DefaultMavenResourcesFiltering - skip non existing resourceDirectory C:\Users\DELL\OneDrive\Desktop\HQLproduct\com.HqlProd\src\main\resources
2024-08-28 17:24:36,085 [Worker-23: Building] INFO  o.a.m.s.f.DefaultMavenResourcesFiltering - skip non existing resourceDirectory C:\Users\DELL\OneDrive\Desktop\HQLproduct\com.HqlProd\src\test\resources
2024-08-28 17:37:41,049 [Worker-4: Building] INFO  o.a.m.s.f.DefaultMavenResourcesFiltering - skip non existing resourceDirectory C:\Users\DELL\OneDrive\Desktop\HQLproduct\com.HqlProd\src\main\resources
2024-08-28 17:37:41,053 [Worker-4: Building] INFO  o.a.m.s.f.DefaultMavenResourcesFiltering - skip non existing resourceDirectory C:\Users\DELL\OneDrive\Desktop\HQLproduct\com.HqlProd\src\test\resources
2024-08-28 17:49:57,476 [Worker-21: Launching App] INFO  o.a.m.s.f.DefaultMavenResourcesFiltering - skip non existing resourceDirectory C:\Users\DELL\OneDrive\Desktop\HQLproduct\com.HqlProd\src\main\resources
2024-08-28 17:49:57,481 [Worker-21: Launching App] INFO  o.a.m.s.f.DefaultMavenResourcesFiltering - skip non existing resourceDirectory C:\Users\DELL\OneDrive\Desktop\HQLproduct\com.HqlProd\src\test\resources
2024-08-28 17:55:08,450 [Worker-28: Building] INFO  o.a.m.s.f.DefaultMavenResourcesFiltering - skip non existing resourceDirectory C:\Users\DELL\OneDrive\Desktop\HQLproduct\com.HqlProd\src\main\resources
2024-08-28 17:55:08,452 [Worker-28: Building] INFO  o.a.m.s.f.DefaultMavenResourcesFiltering - skip non existing resourceDirectory C:\Users\DELL\OneDrive\Desktop\HQLproduct\com.HqlProd\src\test\resources
2024-08-28 17:55:57,684 [Worker-29: Building] INFO  o.a.m.s.f.DefaultMavenResourcesFiltering - skip non existing resourceDirectory C:\Users\DELL\OneDrive\Desktop\HQLproduct\com.HqlProd\src\main\resources
2024-08-28 17:55:57,687 [Worker-29: Building] INFO  o.a.m.s.f.DefaultMavenResourcesFiltering - skip non existing resourceDirectory C:\Users\DELL\OneDrive\Desktop\HQLproduct\com.HqlProd\src\test\resources
2024-08-28 18:01:12,772 [Worker-28: Launching App] INFO  o.a.m.s.f.DefaultMavenResourcesFiltering - skip non existing resourceDirectory C:\Users\DELL\OneDrive\Desktop\HQLproduct\com.HqlProd\src\main\resources
2024-08-28 18:01:12,776 [Worker-28: Launching App] INFO  o.a.m.s.f.DefaultMavenResourcesFiltering - skip non existing resourceDirectory C:\Users\DELL\OneDrive\Desktop\HQLproduct\com.HqlProd\src\test\resources
2024-08-28 18:01:58,949 [Worker-32: Launching App] INFO  o.a.m.s.f.DefaultMavenResourcesFiltering - skip non existing resourceDirectory C:\Users\DELL\OneDrive\Desktop\HQLproduct\com.HqlProd\src\main\resources
2024-08-28 18:01:58,955 [Worker-32: Launching App] INFO  o.a.m.s.f.DefaultMavenResourcesFiltering - skip non existing resourceDirectory C:\Users\DELL\OneDrive\Desktop\HQLproduct\com.HqlProd\src\test\resources
2024-08-28 18:04:59,804 [Worker-21: Building] INFO  o.a.m.s.f.DefaultMavenResourcesFiltering - skip non existing resourceDirectory C:\Users\DELL\OneDrive\Desktop\HQLproduct\com.HqlProd\src\main\resources
2024-08-28 18:04:59,807 [Worker-21: Building] INFO  o.a.m.s.f.DefaultMavenResourcesFiltering - skip non existing resourceDirectory C:\Users\DELL\OneDrive\Desktop\HQLproduct\com.HqlProd\src\test\resources
2024-08-28 18:06:30,800 [Worker-31: Building] INFO  o.a.m.s.f.DefaultMavenResourcesFiltering - skip non existing resourceDirectory C:\Users\DELL\OneDrive\Desktop\HQLproduct\com.HqlProd\src\main\resources
2024-08-28 18:06:30,804 [Worker-31: Building] INFO  o.a.m.s.f.DefaultMavenResourcesFiltering - skip non existing resourceDirectory C:\Users\DELL\OneDrive\Desktop\HQLproduct\com.HqlProd\src\test\resources
2024-08-28 18:08:21,904 [Worker-32: Building] INFO  o.a.m.s.f.DefaultMavenResourcesFiltering - skip non existing resourceDirectory C:\Users\DELL\OneDrive\Desktop\HQLproduct\com.HqlProd\src\main\resources
2024-08-28 18:08:21,907 [Worker-32: Building] INFO  o.a.m.s.f.DefaultMavenResourcesFiltering - skip non existing resourceDirectory C:\Users\DELL\OneDrive\Desktop\HQLproduct\com.HqlProd\src\test\resources
2024-08-28 18:14:36,615 [Worker-31: Launching App] INFO  o.a.m.s.f.DefaultMavenResourcesFiltering - skip non existing resourceDirectory C:\Users\DELL\OneDrive\Desktop\HQLproduct\com.HqlProd\src\main\resources
2024-08-28 18:14:36,618 [Worker-31: Launching App] INFO  o.a.m.s.f.DefaultMavenResourcesFiltering - skip non existing resourceDirectory C:\Users\DELL\OneDrive\Desktop\HQLproduct\com.HqlProd\src\test\resources
2024-08-28 18:16:10,583 [Worker-36: Building] INFO  o.a.m.s.f.DefaultMavenResourcesFiltering - skip non existing resourceDirectory C:\Users\DELL\OneDrive\Desktop\HQLproduct\com.HqlProd\src\main\resources
2024-08-28 18:16:10,586 [Worker-36: Building] INFO  o.a.m.s.f.DefaultMavenResourcesFiltering - skip non existing resourceDirectory C:\Users\DELL\OneDrive\Desktop\HQLproduct\com.HqlProd\src\test\resources
2024-08-28 18:20:44,344 [Worker-31: Building] INFO  o.a.m.s.f.DefaultMavenResourcesFiltering - skip non existing resourceDirectory C:\Users\DELL\OneDrive\Desktop\HQLproduct\com.HqlProd\src\main\resources
2024-08-28 18:20:44,347 [Worker-31: Building] INFO  o.a.m.s.f.DefaultMavenResourcesFiltering - skip non existing resourceDirectory C:\Users\DELL\OneDrive\Desktop\HQLproduct\com.HqlProd\src\test\resources
2024-08-28 18:34:27,849 [Worker-31: Building] INFO  o.a.m.s.f.DefaultMavenResourcesFiltering - skip non existing resourceDirectory C:\Users\DELL\OneDrive\Desktop\HQLproduct\com.HqlProd\src\main\resources
2024-08-28 18:34:27,853 [Worker-31: Building] INFO  o.a.m.s.f.DefaultMavenResourcesFiltering - skip non existing resourceDirectory C:\Users\DELL\OneDrive\Desktop\HQLproduct\com.HqlProd\src\test\resources
2024-08-28 18:35:29,376 [Worker-31: Building] INFO  o.a.m.s.f.DefaultMavenResourcesFiltering - skip non existing resourceDirectory C:\Users\DELL\OneDrive\Desktop\HQLproduct\com.HqlProd\src\main\resources
2024-08-28 18:35:29,378 [Worker-31: Building] INFO  o.a.m.s.f.DefaultMavenResourcesFiltering - skip non existing resourceDirectory C:\Users\DELL\OneDrive\Desktop\HQLproduct\com.HqlProd\src\test\resources
2024-09-10 14:23:33,982 [Worker-0: Loading available Gradle versions] INFO  o.e.b.c.i.u.g.PublishedGradleVersions - Gradle version information cache is up-to-date. Trying to read.
